[2.640s] Invoking command in '/home/nvidia/Milton_Final_Project/src/milton_final_project': PYTHONPATH=/home/nvidia/Milton_Final_Project/build/milton_final_project/prefix_override:/usr/lib/python3/dist-packages/colcon_core/task/python/colcon_distutils_commands:/home/nvidia/Milton_Final_Project/install/milton_final_project/lib/python3.8/site-packages:${PYTHONPATH} /usr/bin/python3 -W ignore:setup.py install is deprecated setup.py egg_info --egg-base ../../build/milton_final_project build --build-base /home/nvidia/Milton_Final_Project/build/milton_final_project/build install --record /home/nvidia/Milton_Final_Project/build/milton_final_project/install.log --single-version-externally-managed install_data
[3.602s] running egg_info
[3.639s] writing ../../build/milton_final_project/milton_final_project.egg-info/PKG-INFO
[3.639s] writing dependency_links to ../../build/milton_final_project/milton_final_project.egg-info/dependency_links.txt
[3.639s] writing entry points to ../../build/milton_final_project/milton_final_project.egg-info/entry_points.txt
[3.640s] writing requirements to ../../build/milton_final_project/milton_final_project.egg-info/requires.txt
[3.640s] writing top-level names to ../../build/milton_final_project/milton_final_project.egg-info/top_level.txt
[3.717s] reading manifest file '../../build/milton_final_project/milton_final_project.egg-info/SOURCES.txt'
[3.718s] adding license file 'LICENSE'
[3.720s] writing manifest file '../../build/milton_final_project/milton_final_project.egg-info/SOURCES.txt'
[3.720s] running build
[3.720s] running build_py
[3.721s] copying milton_final_project/face_display_node.py -> /home/nvidia/Milton_Final_Project/build/milton_final_project/build/lib/milton_final_project
[3.721s] running install
[3.733s] running install_lib
[3.769s] copying /home/nvidia/Milton_Final_Project/build/milton_final_project/build/lib/milton_final_project/face_display_node.py -> /home/nvidia/Milton_Final_Project/install/milton_final_project/lib/python3.8/site-packages/milton_final_project
[3.771s] byte-compiling /home/nvidia/Milton_Final_Project/install/milton_final_project/lib/python3.8/site-packages/milton_final_project/face_display_node.py to face_display_node.cpython-38.pyc
[3.776s] running install_data
[3.778s] running install_egg_info
[3.815s] removing '/home/nvidia/Milton_Final_Project/install/milton_final_project/lib/python3.8/site-packages/milton_final_project-0.0.0-py3.8.egg-info' (and everything under it)
[3.816s] Copying ../../build/milton_final_project/milton_final_project.egg-info to /home/nvidia/Milton_Final_Project/install/milton_final_project/lib/python3.8/site-packages/milton_final_project-0.0.0-py3.8.egg-info
[3.818s] running install_scripts
[3.958s] Installing face_display_node script to /home/nvidia/Milton_Final_Project/install/milton_final_project/lib/milton_final_project
[3.958s] Installing wayfinding_input_node script to /home/nvidia/Milton_Final_Project/install/milton_final_project/lib/milton_final_project
[3.958s] Installing yolo_node script to /home/nvidia/Milton_Final_Project/install/milton_final_project/lib/milton_final_project
[3.958s] Installing yolo_web_stream script to /home/nvidia/Milton_Final_Project/install/milton_final_project/lib/milton_final_project
[3.959s] writing list of installed files to '/home/nvidia/Milton_Final_Project/build/milton_final_project/install.log'
[4.069s] Invoked command in '/home/nvidia/Milton_Final_Project/src/milton_final_project' returned '0': PYTHONPATH=/home/nvidia/Milton_Final_Project/build/milton_final_project/prefix_override:/usr/lib/python3/dist-packages/colcon_core/task/python/colcon_distutils_commands:/home/nvidia/Milton_Final_Project/install/milton_final_project/lib/python3.8/site-packages:${PYTHONPATH} /usr/bin/python3 -W ignore:setup.py install is deprecated setup.py egg_info --egg-base ../../build/milton_final_project build --build-base /home/nvidia/Milton_Final_Project/build/milton_final_project/build install --record /home/nvidia/Milton_Final_Project/build/milton_final_project/install.log --single-version-externally-managed install_data
