[2.638s] Invoking command in '/home/nvidia/Milton_Final_Project/src/milton_final_project': PYTHONPATH=/home/nvidia/Milton_Final_Project/build/milton_final_project/prefix_override:/usr/lib/python3/dist-packages/colcon_core/task/python/colcon_distutils_commands:/home/nvidia/Milton_Final_Project/install/milton_final_project/lib/python3.8/site-packages:${PYTHONPATH} /usr/bin/python3 -W ignore:setup.py install is deprecated setup.py egg_info --egg-base ../../build/milton_final_project build --build-base /home/nvidia/Milton_Final_Project/build/milton_final_project/build install --record /home/nvidia/Milton_Final_Project/build/milton_final_project/install.log --single-version-externally-managed install_data
[3.606s] running egg_info
[3.642s] writing ../../build/milton_final_project/milton_final_project.egg-info/PKG-INFO
[3.644s] writing dependency_links to ../../build/milton_final_project/milton_final_project.egg-info/dependency_links.txt
[3.644s] writing entry points to ../../build/milton_final_project/milton_final_project.egg-info/entry_points.txt
[3.644s] writing requirements to ../../build/milton_final_project/milton_final_project.egg-info/requires.txt
[3.645s] writing top-level names to ../../build/milton_final_project/milton_final_project.egg-info/top_level.txt
[3.721s] reading manifest file '../../build/milton_final_project/milton_final_project.egg-info/SOURCES.txt'
[3.722s] adding license file 'LICENSE'
[3.724s] writing manifest file '../../build/milton_final_project/milton_final_project.egg-info/SOURCES.txt'
[3.724s] running build
[3.725s] running build_py
[3.725s] copying milton_final_project/seic_directory.py -> /home/nvidia/Milton_Final_Project/build/milton_final_project/build/lib/milton_final_project
[3.726s] running install
[3.737s] running install_lib
[3.773s] copying /home/nvidia/Milton_Final_Project/build/milton_final_project/build/lib/milton_final_project/seic_directory.py -> /home/nvidia/Milton_Final_Project/install/milton_final_project/lib/python3.8/site-packages/milton_final_project
[3.775s] byte-compiling /home/nvidia/Milton_Final_Project/install/milton_final_project/lib/python3.8/site-packages/milton_final_project/seic_directory.py to seic_directory.cpython-38.pyc
[3.779s] running install_data
[3.781s] creating /home/nvidia/Milton_Final_Project/install/milton_final_project/share/milton_final_project/data
[3.781s] copying ../../data/seic_public_directory.xlsx -> /home/nvidia/Milton_Final_Project/install/milton_final_project/share/milton_final_project/data
[3.781s] running install_egg_info
[3.819s] removing '/home/nvidia/Milton_Final_Project/install/milton_final_project/lib/python3.8/site-packages/milton_final_project-0.0.0-py3.8.egg-info' (and everything under it)
[3.820s] Copying ../../build/milton_final_project/milton_final_project.egg-info to /home/nvidia/Milton_Final_Project/install/milton_final_project/lib/python3.8/site-packages/milton_final_project-0.0.0-py3.8.egg-info
[3.822s] running install_scripts
[3.965s] Installing face_display_node script to /home/nvidia/Milton_Final_Project/install/milton_final_project/lib/milton_final_project
[3.966s] Installing wayfinding_input_node script to /home/nvidia/Milton_Final_Project/install/milton_final_project/lib/milton_final_project
[3.967s] Installing yolo_node script to /home/nvidia/Milton_Final_Project/install/milton_final_project/lib/milton_final_project
[3.967s] Installing yolo_web_stream script to /home/nvidia/Milton_Final_Project/install/milton_final_project/lib/milton_final_project
[3.968s] writing list of installed files to '/home/nvidia/Milton_Final_Project/build/milton_final_project/install.log'
[4.084s] Invoked command in '/home/nvidia/Milton_Final_Project/src/milton_final_project' returned '0': PYTHONPATH=/home/nvidia/Milton_Final_Project/build/milton_final_project/prefix_override:/usr/lib/python3/dist-packages/colcon_core/task/python/colcon_distutils_commands:/home/nvidia/Milton_Final_Project/install/milton_final_project/lib/python3.8/site-packages:${PYTHONPATH} /usr/bin/python3 -W ignore:setup.py install is deprecated setup.py egg_info --egg-base ../../build/milton_final_project build --build-base /home/nvidia/Milton_Final_Project/build/milton_final_project/build install --record /home/nvidia/Milton_Final_Project/build/milton_final_project/install.log --single-version-externally-managed install_data
