[0.543s] DEBUG:colcon:Command line arguments: ['/usr/bin/colcon', 'build', '--packages-select', 'milton_final_project']
[0.544s] DEBUG:colcon:Parsed command line arguments: Namespace(allow_overriding=[], ament_cmake_args=None, base_paths=['.'], build_base='build', catkin_cmake_args=None, catkin_skip_building_tests=False, cmake_args=None, cmake_clean_cache=False, cmake_clean_first=False, cmake_force_configure=False, cmake_target=None, cmake_target_skip_unavailable=False, continue_on_error=False, event_handlers=None, executor='parallel', ignore_user_meta=False, install_base='install', log_base=None, log_level=None, main=<bound method BuildVerb.main of <colcon_core.verb.build.BuildVerb object at 0xffff947ed2e0>>, merge_install=False, metas=['./colcon.meta'], mixin=None, mixin_files=None, mixin_verb=('build',), packages_above=None, packages_above_and_dependencies=None, packages_above_depth=None, packages_end=None, packages_ignore=None, packages_ignore_regex=None, packages_select=['milton_final_project'], packages_select_build_failed=False, packages_select_by_dep=None, packages_select_regex=None, packages_select_test_failures=False, packages_skip=None, packages_skip_build_finished=False, packages_skip_by_dep=None, packages_skip_regex=None, packages_skip_test_passed=False, packages_skip_up_to=None, packages_start=None, packages_up_to=None, packages_up_to_regex=None, parallel_workers=6, paths=None, symlink_install=False, test_result_base=None, verb_extension=<colcon_core.verb.build.BuildVerb object at 0xffff947ed2e0>, verb_name='build', verb_parser=<colcon_mixin.mixin.mixin_argument.MixinArgumentDecorator object at 0xffff93b3adf0>)
[1.115s] Level 1:colcon.colcon_core.package_discovery:discover_packages(colcon_meta) check parameters
[1.116s] Level 1:colcon.colcon_core.package_discovery:discover_packages(recursive) check parameters
[1.116s] Level 1:colcon.colcon_core.package_discovery:discover_packages(ignore) check parameters
[1.116s] Level 1:colcon.colcon_core.package_discovery:discover_packages(path) check parameters
[1.116s] Level 1:colcon.colcon_core.package_discovery:discover_packages(colcon_meta) discover
[1.116s] Level 1:colcon.colcon_core.package_discovery:discover_packages(recursive) discover
[1.116s] INFO:colcon.colcon_core.package_discovery:Crawling recursively for packages in '/home/nvidia/Milton_Final_Project'
[1.116s] Level 1:colcon.colcon_core.package_identification:_identify(.) by extensions ['ignore', 'ignore_ament_install']
[1.117s] Level 1:colcon.colcon_core.package_identification:_identify(.) by extension 'ignore'
[1.117s] Level 1:colcon.colcon_core.package_identification:_identify(.) by extension 'ignore_ament_install'
[1.117s] Level 1:colcon.colcon_core.package_identification:_identify(.) by extensions ['colcon_pkg']
[1.117s] Level 1:colcon.colcon_core.package_identification:_identify(.) by extension 'colcon_pkg'
[1.117s] Level 1:colcon.colcon_core.package_identification:_identify(.) by extensions ['colcon_meta']
[1.117s] Level 1:colcon.colcon_core.package_identification:_identify(.) by extension 'colcon_meta'
[1.117s] Level 1:colcon.colcon_core.package_identification:_identify(.) by extensions ['ros']
[1.117s] Level 1:colcon.colcon_core.package_identification:_identify(.) by extension 'ros'
[1.148s] Level 1:colcon.colcon_core.package_identification:_identify(.) by extensions ['cmake', 'python']
[1.148s] Level 1:colcon.colcon_core.package_identification:_identify(.) by extension 'cmake'
[1.149s] Level 1:colcon.colcon_core.package_identification:_identify(.) by extension 'python'
[1.149s] Level 1:colcon.colcon_core.package_identification:_identify(.) by extensions ['python_setup_py']
[1.149s] Level 1:colcon.colcon_core.package_identification:_identify(.) by extension 'python_setup_py'
[1.149s] Level 1:colcon.colcon_core.package_identification:_identify(assets) by extensions ['ignore', 'ignore_ament_install']
[1.149s] Level 1:colcon.colcon_core.package_identification:_identify(assets) by extension 'ignore'
[1.150s] Level 1:colcon.colcon_core.package_identification:_identify(assets) by extension 'ignore_ament_install'
[1.150s] Level 1:colcon.colcon_core.package_identification:_identify(assets) by extensions ['colcon_pkg']
[1.150s] Level 1:colcon.colcon_core.package_identification:_identify(assets) by extension 'colcon_pkg'
[1.150s] Level 1:colcon.colcon_core.package_identification:_identify(assets) by extensions ['colcon_meta']
[1.150s] Level 1:colcon.colcon_core.package_identification:_identify(assets) by extension 'colcon_meta'
[1.150s] Level 1:colcon.colcon_core.package_identification:_identify(assets) by extensions ['ros']
[1.150s] Level 1:colcon.colcon_core.package_identification:_identify(assets) by extension 'ros'
[1.150s] Level 1:colcon.colcon_core.package_identification:_identify(assets) by extensions ['cmake', 'python']
[1.150s] Level 1:colcon.colcon_core.package_identification:_identify(assets) by extension 'cmake'
[1.151s] Level 1:colcon.colcon_core.package_identification:_identify(assets) by extension 'python'
[1.151s] Level 1:colcon.colcon_core.package_identification:_identify(assets) by extensions ['python_setup_py']
[1.151s] Level 1:colcon.colcon_core.package_identification:_identify(assets) by extension 'python_setup_py'
[1.151s] Level 1:colcon.colcon_core.package_identification:_identify(assets/kaia_face) by extensions ['ignore', 'ignore_ament_install']
[1.151s] Level 1:colcon.colcon_core.package_identification:_identify(assets/kaia_face) by extension 'ignore'
[1.151s] Level 1:colcon.colcon_core.package_identification:_identify(assets/kaia_face) by extension 'ignore_ament_install'
[1.151s] Level 1:colcon.colcon_core.package_identification:_identify(assets/kaia_face) by extensions ['colcon_pkg']
[1.151s] Level 1:colcon.colcon_core.package_identification:_identify(assets/kaia_face) by extension 'colcon_pkg'
[1.152s] Level 1:colcon.colcon_core.package_identification:_identify(assets/kaia_face) by extensions ['colcon_meta']
[1.152s] Level 1:colcon.colcon_core.package_identification:_identify(assets/kaia_face) by extension 'colcon_meta'
[1.152s] Level 1:colcon.colcon_core.package_identification:_identify(assets/kaia_face) by extensions ['ros']
[1.152s] Level 1:colcon.colcon_core.package_identification:_identify(assets/kaia_face) by extension 'ros'
[1.152s] Level 1:colcon.colcon_core.package_identification:_identify(assets/kaia_face) by extensions ['cmake', 'python']
[1.152s] Level 1:colcon.colcon_core.package_identification:_identify(assets/kaia_face) by extension 'cmake'
[1.152s] Level 1:colcon.colcon_core.package_identification:_identify(assets/kaia_face) by extension 'python'
[1.152s] Level 1:colcon.colcon_core.package_identification:_identify(assets/kaia_face) by extensions ['python_setup_py']
[1.152s] Level 1:colcon.colcon_core.package_identification:_identify(assets/kaia_face) by extension 'python_setup_py'
[1.153s] Level 1:colcon.colcon_core.package_identification:_identify(assets/kaia_face/annoyed) by extensions ['ignore', 'ignore_ament_install']
[1.153s] Level 1:colcon.colcon_core.package_identification:_identify(assets/kaia_face/annoyed) by extension 'ignore'
[1.153s] Level 1:colcon.colcon_core.package_identification:_identify(assets/kaia_face/annoyed) by extension 'ignore_ament_install'
[1.153s] Level 1:colcon.colcon_core.package_identification:_identify(assets/kaia_face/annoyed) by extensions ['colcon_pkg']
[1.153s] Level 1:colcon.colcon_core.package_identification:_identify(assets/kaia_face/annoyed) by extension 'colcon_pkg'
[1.153s] Level 1:colcon.colcon_core.package_identification:_identify(assets/kaia_face/annoyed) by extensions ['colcon_meta']
[1.153s] Level 1:colcon.colcon_core.package_identification:_identify(assets/kaia_face/annoyed) by extension 'colcon_meta'
[1.153s] Level 1:colcon.colcon_core.package_identification:_identify(assets/kaia_face/annoyed) by extensions ['ros']
[1.153s] Level 1:colcon.colcon_core.package_identification:_identify(assets/kaia_face/annoyed) by extension 'ros'
[1.154s] Level 1:colcon.colcon_core.package_identification:_identify(assets/kaia_face/annoyed) by extensions ['cmake', 'python']
[1.154s] Level 1:colcon.colcon_core.package_identification:_identify(assets/kaia_face/annoyed) by extension 'cmake'
[1.154s] Level 1:colcon.colcon_core.package_identification:_identify(assets/kaia_face/annoyed) by extension 'python'
[1.154s] Level 1:colcon.colcon_core.package_identification:_identify(assets/kaia_face/annoyed) by extensions ['python_setup_py']
[1.154s] Level 1:colcon.colcon_core.package_identification:_identify(assets/kaia_face/annoyed) by extension 'python_setup_py'
[1.154s] Level 1:colcon.colcon_core.package_identification:_identify(assets/kaia_face/anxious) by extensions ['ignore', 'ignore_ament_install']
[1.154s] Level 1:colcon.colcon_core.package_identification:_identify(assets/kaia_face/anxious) by extension 'ignore'
[1.155s] Level 1:colcon.colcon_core.package_identification:_identify(assets/kaia_face/anxious) by extension 'ignore_ament_install'
[1.155s] Level 1:colcon.colcon_core.package_identification:_identify(assets/kaia_face/anxious) by extensions ['colcon_pkg']
[1.155s] Level 1:colcon.colcon_core.package_identification:_identify(assets/kaia_face/anxious) by extension 'colcon_pkg'
[1.155s] Level 1:colcon.colcon_core.package_identification:_identify(assets/kaia_face/anxious) by extensions ['colcon_meta']
[1.155s] Level 1:colcon.colcon_core.package_identification:_identify(assets/kaia_face/anxious) by extension 'colcon_meta'
[1.155s] Level 1:colcon.colcon_core.package_identification:_identify(assets/kaia_face/anxious) by extensions ['ros']
[1.155s] Level 1:colcon.colcon_core.package_identification:_identify(assets/kaia_face/anxious) by extension 'ros'
[1.155s] Level 1:colcon.colcon_core.package_identification:_identify(assets/kaia_face/anxious) by extensions ['cmake', 'python']
[1.155s] Level 1:colcon.colcon_core.package_identification:_identify(assets/kaia_face/anxious) by extension 'cmake'
[1.155s] Level 1:colcon.colcon_core.package_identification:_identify(assets/kaia_face/anxious) by extension 'python'
[1.156s] Level 1:colcon.colcon_core.package_identification:_identify(assets/kaia_face/anxious) by extensions ['python_setup_py']
[1.156s] Level 1:colcon.colcon_core.package_identification:_identify(assets/kaia_face/anxious) by extension 'python_setup_py'
[1.156s] Level 1:colcon.colcon_core.package_identification:_identify(assets/kaia_face/apologetic) by extensions ['ignore', 'ignore_ament_install']
[1.156s] Level 1:colcon.colcon_core.package_identification:_identify(assets/kaia_face/apologetic) by extension 'ignore'
[1.156s] Level 1:colcon.colcon_core.package_identification:_identify(assets/kaia_face/apologetic) by extension 'ignore_ament_install'
[1.156s] Level 1:colcon.colcon_core.package_identification:_identify(assets/kaia_face/apologetic) by extensions ['colcon_pkg']
[1.156s] Level 1:colcon.colcon_core.package_identification:_identify(assets/kaia_face/apologetic) by extension 'colcon_pkg'
[1.156s] Level 1:colcon.colcon_core.package_identification:_identify(assets/kaia_face/apologetic) by extensions ['colcon_meta']
[1.156s] Level 1:colcon.colcon_core.package_identification:_identify(assets/kaia_face/apologetic) by extension 'colcon_meta'
[1.157s] Level 1:colcon.colcon_core.package_identification:_identify(assets/kaia_face/apologetic) by extensions ['ros']
[1.157s] Level 1:colcon.colcon_core.package_identification:_identify(assets/kaia_face/apologetic) by extension 'ros'
[1.157s] Level 1:colcon.colcon_core.package_identification:_identify(assets/kaia_face/apologetic) by extensions ['cmake', 'python']
[1.157s] Level 1:colcon.colcon_core.package_identification:_identify(assets/kaia_face/apologetic) by extension 'cmake'
[1.157s] Level 1:colcon.colcon_core.package_identification:_identify(assets/kaia_face/apologetic) by extension 'python'
[1.157s] Level 1:colcon.colcon_core.package_identification:_identify(assets/kaia_face/apologetic) by extensions ['python_setup_py']
[1.157s] Level 1:colcon.colcon_core.package_identification:_identify(assets/kaia_face/apologetic) by extension 'python_setup_py'
[1.157s] Level 1:colcon.colcon_core.package_identification:_identify(assets/kaia_face/awkward) by extensions ['ignore', 'ignore_ament_install']
[1.158s] Level 1:colcon.colcon_core.package_identification:_identify(assets/kaia_face/awkward) by extension 'ignore'
[1.158s] Level 1:colcon.colcon_core.package_identification:_identify(assets/kaia_face/awkward) by extension 'ignore_ament_install'
[1.158s] Level 1:colcon.colcon_core.package_identification:_identify(assets/kaia_face/awkward) by extensions ['colcon_pkg']
[1.158s] Level 1:colcon.colcon_core.package_identification:_identify(assets/kaia_face/awkward) by extension 'colcon_pkg'
[1.158s] Level 1:colcon.colcon_core.package_identification:_identify(assets/kaia_face/awkward) by extensions ['colcon_meta']
[1.158s] Level 1:colcon.colcon_core.package_identification:_identify(assets/kaia_face/awkward) by extension 'colcon_meta'
[1.158s] Level 1:colcon.colcon_core.package_identification:_identify(assets/kaia_face/awkward) by extensions ['ros']
[1.158s] Level 1:colcon.colcon_core.package_identification:_identify(assets/kaia_face/awkward) by extension 'ros'
[1.159s] Level 1:colcon.colcon_core.package_identification:_identify(assets/kaia_face/awkward) by extensions ['cmake', 'python']
[1.159s] Level 1:colcon.colcon_core.package_identification:_identify(assets/kaia_face/awkward) by extension 'cmake'
[1.159s] Level 1:colcon.colcon_core.package_identification:_identify(assets/kaia_face/awkward) by extension 'python'
[1.159s] Level 1:colcon.colcon_core.package_identification:_identify(assets/kaia_face/awkward) by extensions ['python_setup_py']
[1.159s] Level 1:colcon.colcon_core.package_identification:_identify(assets/kaia_face/awkward) by extension 'python_setup_py'
[1.159s] Level 1:colcon.colcon_core.package_identification:_identify(assets/kaia_face/blinking) by extensions ['ignore', 'ignore_ament_install']
[1.159s] Level 1:colcon.colcon_core.package_identification:_identify(assets/kaia_face/blinking) by extension 'ignore'
[1.159s] Level 1:colcon.colcon_core.package_identification:_identify(assets/kaia_face/blinking) by extension 'ignore_ament_install'
[1.160s] Level 1:colcon.colcon_core.package_identification:_identify(assets/kaia_face/blinking) by extensions ['colcon_pkg']
[1.160s] Level 1:colcon.colcon_core.package_identification:_identify(assets/kaia_face/blinking) by extension 'colcon_pkg'
[1.160s] Level 1:colcon.colcon_core.package_identification:_identify(assets/kaia_face/blinking) by extensions ['colcon_meta']
[1.160s] Level 1:colcon.colcon_core.package_identification:_identify(assets/kaia_face/blinking) by extension 'colcon_meta'
[1.160s] Level 1:colcon.colcon_core.package_identification:_identify(assets/kaia_face/blinking) by extensions ['ros']
[1.160s] Level 1:colcon.colcon_core.package_identification:_identify(assets/kaia_face/blinking) by extension 'ros'
[1.160s] Level 1:colcon.colcon_core.package_identification:_identify(assets/kaia_face/blinking) by extensions ['cmake', 'python']
[1.160s] Level 1:colcon.colcon_core.package_identification:_identify(assets/kaia_face/blinking) by extension 'cmake'
[1.160s] Level 1:colcon.colcon_core.package_identification:_identify(assets/kaia_face/blinking) by extension 'python'
[1.160s] Level 1:colcon.colcon_core.package_identification:_identify(assets/kaia_face/blinking) by extensions ['python_setup_py']
[1.161s] Level 1:colcon.colcon_core.package_identification:_identify(assets/kaia_face/blinking) by extension 'python_setup_py'
[1.161s] Level 1:colcon.colcon_core.package_identification:_identify(assets/kaia_face/bored) by extensions ['ignore', 'ignore_ament_install']
[1.161s] Level 1:colcon.colcon_core.package_identification:_identify(assets/kaia_face/bored) by extension 'ignore'
[1.161s] Level 1:colcon.colcon_core.package_identification:_identify(assets/kaia_face/bored) by extension 'ignore_ament_install'
[1.161s] Level 1:colcon.colcon_core.package_identification:_identify(assets/kaia_face/bored) by extensions ['colcon_pkg']
[1.161s] Level 1:colcon.colcon_core.package_identification:_identify(assets/kaia_face/bored) by extension 'colcon_pkg'
[1.161s] Level 1:colcon.colcon_core.package_identification:_identify(assets/kaia_face/bored) by extensions ['colcon_meta']
[1.161s] Level 1:colcon.colcon_core.package_identification:_identify(assets/kaia_face/bored) by extension 'colcon_meta'
[1.162s] Level 1:colcon.colcon_core.package_identification:_identify(assets/kaia_face/bored) by extensions ['ros']
[1.162s] Level 1:colcon.colcon_core.package_identification:_identify(assets/kaia_face/bored) by extension 'ros'
[1.162s] Level 1:colcon.colcon_core.package_identification:_identify(assets/kaia_face/bored) by extensions ['cmake', 'python']
[1.162s] Level 1:colcon.colcon_core.package_identification:_identify(assets/kaia_face/bored) by extension 'cmake'
[1.162s] Level 1:colcon.colcon_core.package_identification:_identify(assets/kaia_face/bored) by extension 'python'
[1.162s] Level 1:colcon.colcon_core.package_identification:_identify(assets/kaia_face/bored) by extensions ['python_setup_py']
[1.162s] Level 1:colcon.colcon_core.package_identification:_identify(assets/kaia_face/bored) by extension 'python_setup_py'
[1.162s] Level 1:colcon.colcon_core.package_identification:_identify(assets/kaia_face/determined) by extensions ['ignore', 'ignore_ament_install']
[1.163s] Level 1:colcon.colcon_core.package_identification:_identify(assets/kaia_face/determined) by extension 'ignore'
[1.163s] Level 1:colcon.colcon_core.package_identification:_identify(assets/kaia_face/determined) by extension 'ignore_ament_install'
[1.163s] Level 1:colcon.colcon_core.package_identification:_identify(assets/kaia_face/determined) by extensions ['colcon_pkg']
[1.163s] Level 1:colcon.colcon_core.package_identification:_identify(assets/kaia_face/determined) by extension 'colcon_pkg'
[1.163s] Level 1:colcon.colcon_core.package_identification:_identify(assets/kaia_face/determined) by extensions ['colcon_meta']
[1.163s] Level 1:colcon.colcon_core.package_identification:_identify(assets/kaia_face/determined) by extension 'colcon_meta'
[1.163s] Level 1:colcon.colcon_core.package_identification:_identify(assets/kaia_face/determined) by extensions ['ros']
[1.163s] Level 1:colcon.colcon_core.package_identification:_identify(assets/kaia_face/determined) by extension 'ros'
[1.163s] Level 1:colcon.colcon_core.package_identification:_identify(assets/kaia_face/determined) by extensions ['cmake', 'python']
[1.163s] Level 1:colcon.colcon_core.package_identification:_identify(assets/kaia_face/determined) by extension 'cmake'
[1.164s] Level 1:colcon.colcon_core.package_identification:_identify(assets/kaia_face/determined) by extension 'python'
[1.164s] Level 1:colcon.colcon_core.package_identification:_identify(assets/kaia_face/determined) by extensions ['python_setup_py']
[1.164s] Level 1:colcon.colcon_core.package_identification:_identify(assets/kaia_face/determined) by extension 'python_setup_py'
[1.164s] Level 1:colcon.colcon_core.package_identification:_identify(assets/kaia_face/excited) by extensions ['ignore', 'ignore_ament_install']
[1.164s] Level 1:colcon.colcon_core.package_identification:_identify(assets/kaia_face/excited) by extension 'ignore'
[1.164s] Level 1:colcon.colcon_core.package_identification:_identify(assets/kaia_face/excited) by extension 'ignore_ament_install'
[1.164s] Level 1:colcon.colcon_core.package_identification:_identify(assets/kaia_face/excited) by extensions ['colcon_pkg']
[1.164s] Level 1:colcon.colcon_core.package_identification:_identify(assets/kaia_face/excited) by extension 'colcon_pkg'
[1.165s] Level 1:colcon.colcon_core.package_identification:_identify(assets/kaia_face/excited) by extensions ['colcon_meta']
[1.165s] Level 1:colcon.colcon_core.package_identification:_identify(assets/kaia_face/excited) by extension 'colcon_meta'
[1.165s] Level 1:colcon.colcon_core.package_identification:_identify(assets/kaia_face/excited) by extensions ['ros']
[1.165s] Level 1:colcon.colcon_core.package_identification:_identify(assets/kaia_face/excited) by extension 'ros'
[1.165s] Level 1:colcon.colcon_core.package_identification:_identify(assets/kaia_face/excited) by extensions ['cmake', 'python']
[1.165s] Level 1:colcon.colcon_core.package_identification:_identify(assets/kaia_face/excited) by extension 'cmake'
[1.165s] Level 1:colcon.colcon_core.package_identification:_identify(assets/kaia_face/excited) by extension 'python'
[1.165s] Level 1:colcon.colcon_core.package_identification:_identify(assets/kaia_face/excited) by extensions ['python_setup_py']
[1.165s] Level 1:colcon.colcon_core.package_identification:_identify(assets/kaia_face/excited) by extension 'python_setup_py'
[1.166s] Level 1:colcon.colcon_core.package_identification:_identify(assets/kaia_face/giggle) by extensions ['ignore', 'ignore_ament_install']
[1.166s] Level 1:colcon.colcon_core.package_identification:_identify(assets/kaia_face/giggle) by extension 'ignore'
[1.166s] Level 1:colcon.colcon_core.package_identification:_identify(assets/kaia_face/giggle) by extension 'ignore_ament_install'
[1.166s] Level 1:colcon.colcon_core.package_identification:_identify(assets/kaia_face/giggle) by extensions ['colcon_pkg']
[1.166s] Level 1:colcon.colcon_core.package_identification:_identify(assets/kaia_face/giggle) by extension 'colcon_pkg'
[1.166s] Level 1:colcon.colcon_core.package_identification:_identify(assets/kaia_face/giggle) by extensions ['colcon_meta']
[1.166s] Level 1:colcon.colcon_core.package_identification:_identify(assets/kaia_face/giggle) by extension 'colcon_meta'
[1.166s] Level 1:colcon.colcon_core.package_identification:_identify(assets/kaia_face/giggle) by extensions ['ros']
[1.166s] Level 1:colcon.colcon_core.package_identification:_identify(assets/kaia_face/giggle) by extension 'ros'
[1.167s] Level 1:colcon.colcon_core.package_identification:_identify(assets/kaia_face/giggle) by extensions ['cmake', 'python']
[1.167s] Level 1:colcon.colcon_core.package_identification:_identify(assets/kaia_face/giggle) by extension 'cmake'
[1.167s] Level 1:colcon.colcon_core.package_identification:_identify(assets/kaia_face/giggle) by extension 'python'
[1.167s] Level 1:colcon.colcon_core.package_identification:_identify(assets/kaia_face/giggle) by extensions ['python_setup_py']
[1.167s] Level 1:colcon.colcon_core.package_identification:_identify(assets/kaia_face/giggle) by extension 'python_setup_py'
[1.167s] Level 1:colcon.colcon_core.package_identification:_identify(assets/kaia_face/happy) by extensions ['ignore', 'ignore_ament_install']
[1.167s] Level 1:colcon.colcon_core.package_identification:_identify(assets/kaia_face/happy) by extension 'ignore'
[1.167s] Level 1:colcon.colcon_core.package_identification:_identify(assets/kaia_face/happy) by extension 'ignore_ament_install'
[1.168s] Level 1:colcon.colcon_core.package_identification:_identify(assets/kaia_face/happy) by extensions ['colcon_pkg']
[1.168s] Level 1:colcon.colcon_core.package_identification:_identify(assets/kaia_face/happy) by extension 'colcon_pkg'
[1.168s] Level 1:colcon.colcon_core.package_identification:_identify(assets/kaia_face/happy) by extensions ['colcon_meta']
[1.168s] Level 1:colcon.colcon_core.package_identification:_identify(assets/kaia_face/happy) by extension 'colcon_meta'
[1.168s] Level 1:colcon.colcon_core.package_identification:_identify(assets/kaia_face/happy) by extensions ['ros']
[1.168s] Level 1:colcon.colcon_core.package_identification:_identify(assets/kaia_face/happy) by extension 'ros'
[1.168s] Level 1:colcon.colcon_core.package_identification:_identify(assets/kaia_face/happy) by extensions ['cmake', 'python']
[1.168s] Level 1:colcon.colcon_core.package_identification:_identify(assets/kaia_face/happy) by extension 'cmake'
[1.168s] Level 1:colcon.colcon_core.package_identification:_identify(assets/kaia_face/happy) by extension 'python'
[1.168s] Level 1:colcon.colcon_core.package_identification:_identify(assets/kaia_face/happy) by extensions ['python_setup_py']
[1.168s] Level 1:colcon.colcon_core.package_identification:_identify(assets/kaia_face/happy) by extension 'python_setup_py'
[1.169s] Level 1:colcon.colcon_core.package_identification:_identify(assets/kaia_face/thinking) by extensions ['ignore', 'ignore_ament_install']
[1.169s] Level 1:colcon.colcon_core.package_identification:_identify(assets/kaia_face/thinking) by extension 'ignore'
[1.169s] Level 1:colcon.colcon_core.package_identification:_identify(assets/kaia_face/thinking) by extension 'ignore_ament_install'
[1.169s] Level 1:colcon.colcon_core.package_identification:_identify(assets/kaia_face/thinking) by extensions ['colcon_pkg']
[1.169s] Level 1:colcon.colcon_core.package_identification:_identify(assets/kaia_face/thinking) by extension 'colcon_pkg'
[1.169s] Level 1:colcon.colcon_core.package_identification:_identify(assets/kaia_face/thinking) by extensions ['colcon_meta']
[1.169s] Level 1:colcon.colcon_core.package_identification:_identify(assets/kaia_face/thinking) by extension 'colcon_meta'
[1.170s] Level 1:colcon.colcon_core.package_identification:_identify(assets/kaia_face/thinking) by extensions ['ros']
[1.170s] Level 1:colcon.colcon_core.package_identification:_identify(assets/kaia_face/thinking) by extension 'ros'
[1.170s] Level 1:colcon.colcon_core.package_identification:_identify(assets/kaia_face/thinking) by extensions ['cmake', 'python']
[1.170s] Level 1:colcon.colcon_core.package_identification:_identify(assets/kaia_face/thinking) by extension 'cmake'
[1.170s] Level 1:colcon.colcon_core.package_identification:_identify(assets/kaia_face/thinking) by extension 'python'
[1.170s] Level 1:colcon.colcon_core.package_identification:_identify(assets/kaia_face/thinking) by extensions ['python_setup_py']
[1.170s] Level 1:colcon.colcon_core.package_identification:_identify(assets/kaia_face/thinking) by extension 'python_setup_py'
[1.170s] Level 1:colcon.colcon_core.package_identification:_identify(build) by extensions ['ignore', 'ignore_ament_install']
[1.170s] Level 1:colcon.colcon_core.package_identification:_identify(build) by extension 'ignore'
[1.171s] Level 1:colcon.colcon_core.package_identification:_identify(build) ignored
[1.171s] Level 1:colcon.colcon_core.package_identification:_identify(install) by extensions ['ignore', 'ignore_ament_install']
[1.171s] Level 1:colcon.colcon_core.package_identification:_identify(install) by extension 'ignore'
[1.171s] Level 1:colcon.colcon_core.package_identification:_identify(install) ignored
[1.171s] Level 1:colcon.colcon_core.package_identification:_identify(log) by extensions ['ignore', 'ignore_ament_install']
[1.172s] Level 1:colcon.colcon_core.package_identification:_identify(log) by extension 'ignore'
[1.172s] Level 1:colcon.colcon_core.package_identification:_identify(log) ignored
[1.172s] Level 1:colcon.colcon_core.package_identification:_identify(src) by extensions ['ignore', 'ignore_ament_install']
[1.172s] Level 1:colcon.colcon_core.package_identification:_identify(src) by extension 'ignore'
[1.172s] Level 1:colcon.colcon_core.package_identification:_identify(src) by extension 'ignore_ament_install'
[1.172s] Level 1:colcon.colcon_core.package_identification:_identify(src) by extensions ['colcon_pkg']
[1.172s] Level 1:colcon.colcon_core.package_identification:_identify(src) by extension 'colcon_pkg'
[1.172s] Level 1:colcon.colcon_core.package_identification:_identify(src) by extensions ['colcon_meta']
[1.172s] Level 1:colcon.colcon_core.package_identification:_identify(src) by extension 'colcon_meta'
[1.173s] Level 1:colcon.colcon_core.package_identification:_identify(src) by extensions ['ros']
[1.173s] Level 1:colcon.colcon_core.package_identification:_identify(src) by extension 'ros'
[1.173s] Level 1:colcon.colcon_core.package_identification:_identify(src) by extensions ['cmake', 'python']
[1.173s] Level 1:colcon.colcon_core.package_identification:_identify(src) by extension 'cmake'
[1.173s] Level 1:colcon.colcon_core.package_identification:_identify(src) by extension 'python'
[1.173s] Level 1:colcon.colcon_core.package_identification:_identify(src) by extensions ['python_setup_py']
[1.173s] Level 1:colcon.colcon_core.package_identification:_identify(src) by extension 'python_setup_py'
[1.173s] Level 1:colcon.colcon_core.package_identification:_identify(src/milton_final_project) by extensions ['ignore', 'ignore_ament_install']
[1.174s] Level 1:colcon.colcon_core.package_identification:_identify(src/milton_final_project) by extension 'ignore'
[1.174s] Level 1:colcon.colcon_core.package_identification:_identify(src/milton_final_project) by extension 'ignore_ament_install'
[1.174s] Level 1:colcon.colcon_core.package_identification:_identify(src/milton_final_project) by extensions ['colcon_pkg']
[1.174s] Level 1:colcon.colcon_core.package_identification:_identify(src/milton_final_project) by extension 'colcon_pkg'
[1.174s] Level 1:colcon.colcon_core.package_identification:_identify(src/milton_final_project) by extensions ['colcon_meta']
[1.174s] Level 1:colcon.colcon_core.package_identification:_identify(src/milton_final_project) by extension 'colcon_meta'
[1.174s] Level 1:colcon.colcon_core.package_identification:_identify(src/milton_final_project) by extensions ['ros']
[1.174s] Level 1:colcon.colcon_core.package_identification:_identify(src/milton_final_project) by extension 'ros'
[1.180s] DEBUG:colcon.colcon_core.package_identification:Package 'src/milton_final_project' with type 'ros.ament_python' and name 'milton_final_project'
[1.180s] Level 1:colcon.colcon_core.package_discovery:discover_packages(recursive) using defaults
[1.180s] Level 1:colcon.colcon_core.package_discovery:discover_packages(ignore) discover
[1.180s] Level 1:colcon.colcon_core.package_discovery:discover_packages(ignore) using defaults
[1.180s] Level 1:colcon.colcon_core.package_discovery:discover_packages(path) discover
[1.181s] Level 1:colcon.colcon_core.package_discovery:discover_packages(path) using defaults
[1.222s] Level 1:colcon.colcon_core.package_discovery:discover_packages(prefix_path) check parameters
[1.222s] Level 1:colcon.colcon_core.package_discovery:discover_packages(prefix_path) discover
[1.227s] DEBUG:colcon.colcon_installed_package_information.package_discovery:Found 3 installed packages in /home/nvidia/ENGR857_Huang_Kevin/ros2_ws/install
[1.228s] DEBUG:colcon.colcon_installed_package_information.package_discovery:Found 3 installed packages in /home/nvidia/ENGR857_Huang_Kevin/ros2_ws/src/install
[1.229s] DEBUG:colcon.colcon_installed_package_information.package_discovery:Found 1 installed packages in /home/nvidia/ENGR857_Huang_Kevin/ros2_ws/src/teleop/install
[1.230s] DEBUG:colcon.colcon_installed_package_information.package_discovery:Found 3 installed packages in /home/nvidia/ros2/install
[1.234s] DEBUG:colcon.colcon_installed_package_information.package_discovery:Found 355 installed packages in /opt/ros/humble
[1.237s] Level 1:colcon.colcon_core.package_discovery:discover_packages(prefix_path) using defaults
[1.375s] Level 5:colcon.colcon_core.verb:set package 'milton_final_project' build argument 'cmake_args' from command line to 'None'
[1.376s] Level 5:colcon.colcon_core.verb:set package 'milton_final_project' build argument 'cmake_target' from command line to 'None'
[1.376s] Level 5:colcon.colcon_core.verb:set package 'milton_final_project' build argument 'cmake_target_skip_unavailable' from command line to 'False'
[1.376s] Level 5:colcon.colcon_core.verb:set package 'milton_final_project' build argument 'cmake_clean_cache' from command line to 'False'
[1.376s] Level 5:colcon.colcon_core.verb:set package 'milton_final_project' build argument 'cmake_clean_first' from command line to 'False'
[1.376s] Level 5:colcon.colcon_core.verb:set package 'milton_final_project' build argument 'cmake_force_configure' from command line to 'False'
[1.376s] Level 5:colcon.colcon_core.verb:set package 'milton_final_project' build argument 'ament_cmake_args' from command line to 'None'
[1.376s] Level 5:colcon.colcon_core.verb:set package 'milton_final_project' build argument 'catkin_cmake_args' from command line to 'None'
[1.376s] Level 5:colcon.colcon_core.verb:set package 'milton_final_project' build argument 'catkin_skip_building_tests' from command line to 'False'
[1.376s] DEBUG:colcon.colcon_core.verb:Building package 'milton_final_project' with the following arguments: {'ament_cmake_args': None, 'build_base': '/home/nvidia/Milton_Final_Project/build/milton_final_project', 'catkin_cmake_args': None, 'catkin_skip_building_tests': False, 'cmake_args': None, 'cmake_clean_cache': False, 'cmake_clean_first': False, 'cmake_force_configure': False, 'cmake_target': None, 'cmake_target_skip_unavailable': False, 'install_base': '/home/nvidia/Milton_Final_Project/install/milton_final_project', 'merge_install': False, 'path': '/home/nvidia/Milton_Final_Project/src/milton_final_project', 'symlink_install': False, 'test_result_base': None}
[1.377s] INFO:colcon.colcon_core.executor:Executing jobs using 'parallel' executor
[1.379s] DEBUG:colcon.colcon_parallel_executor.executor.parallel:run_until_complete
[1.380s] INFO:colcon.colcon_ros.task.ament_python.build:Building ROS package in '/home/nvidia/Milton_Final_Project/src/milton_final_project' with build type 'ament_python'
[1.380s] Level 1:colcon.colcon_core.shell:create_environment_hook('milton_final_project', 'ament_prefix_path')
[1.385s] INFO:colcon.colcon_core.plugin_system:Skipping extension 'colcon_core.shell.bat': Not used on non-Windows systems
[1.385s] INFO:colcon.colcon_core.shell:Creating environment hook '/home/nvidia/Milton_Final_Project/install/milton_final_project/share/milton_final_project/hook/ament_prefix_path.ps1'
[1.387s] INFO:colcon.colcon_core.shell:Creating environment descriptor '/home/nvidia/Milton_Final_Project/install/milton_final_project/share/milton_final_project/hook/ament_prefix_path.dsv'
[1.388s] INFO:colcon.colcon_core.shell:Creating environment hook '/home/nvidia/Milton_Final_Project/install/milton_final_project/share/milton_final_project/hook/ament_prefix_path.sh'
[1.390s] INFO:colcon.colcon_core.shell:Skip shell extension 'powershell' for command environment: Not usable outside of PowerShell
[1.390s] DEBUG:colcon.colcon_core.shell:Skip shell extension 'dsv' for command environment
[2.356s] INFO:colcon.colcon_core.task.python.build:Building Python package in '/home/nvidia/Milton_Final_Project/src/milton_final_project'
[2.358s] INFO:colcon.colcon_core.shell:Skip shell extension 'powershell' for command environment: Not usable outside of PowerShell
[2.358s] DEBUG:colcon.colcon_core.shell:Skip shell extension 'dsv' for command environment
[4.110s] DEBUG:colcon.colcon_core.event_handler.log_command:Invoking command in '/home/nvidia/Milton_Final_Project/src/milton_final_project': PYTHONPATH=/home/nvidia/Milton_Final_Project/build/milton_final_project/prefix_override:/usr/lib/python3/dist-packages/colcon_core/task/python/colcon_distutils_commands:/home/nvidia/Milton_Final_Project/install/milton_final_project/lib/python3.8/site-packages:${PYTHONPATH} /usr/bin/python3 -W ignore:setup.py install is deprecated setup.py egg_info --egg-base ../../build/milton_final_project build --build-base /home/nvidia/Milton_Final_Project/build/milton_final_project/build install --record /home/nvidia/Milton_Final_Project/build/milton_final_project/install.log --single-version-externally-managed install_data
[5.624s] DEBUG:colcon.colcon_core.event_handler.log_command:Invoked command in '/home/nvidia/Milton_Final_Project/src/milton_final_project' returned '0': PYTHONPATH=/home/nvidia/Milton_Final_Project/build/milton_final_project/prefix_override:/usr/lib/python3/dist-packages/colcon_core/task/python/colcon_distutils_commands:/home/nvidia/Milton_Final_Project/install/milton_final_project/lib/python3.8/site-packages:${PYTHONPATH} /usr/bin/python3 -W ignore:setup.py install is deprecated setup.py egg_info --egg-base ../../build/milton_final_project build --build-base /home/nvidia/Milton_Final_Project/build/milton_final_project/build install --record /home/nvidia/Milton_Final_Project/build/milton_final_project/install.log --single-version-externally-managed install_data
[5.633s] Level 1:colcon.colcon_core.environment:checking '/home/nvidia/Milton_Final_Project/install/milton_final_project' for CMake module files
[5.635s] Level 1:colcon.colcon_core.environment:checking '/home/nvidia/Milton_Final_Project/install/milton_final_project' for CMake config files
[5.639s] Level 1:colcon.colcon_core.environment:checking '/home/nvidia/Milton_Final_Project/install/milton_final_project/lib'
[5.640s] Level 1:colcon.colcon_core.environment:checking '/home/nvidia/Milton_Final_Project/install/milton_final_project/bin'
[5.640s] Level 1:colcon.colcon_core.environment:checking '/home/nvidia/Milton_Final_Project/install/milton_final_project/lib/pkgconfig/milton_final_project.pc'
[5.641s] Level 1:colcon.colcon_core.environment:checking '/home/nvidia/Milton_Final_Project/install/milton_final_project/lib/python3.8/site-packages'
[5.642s] Level 1:colcon.colcon_core.shell:create_environment_hook('milton_final_project', 'pythonpath')
[5.643s] INFO:colcon.colcon_core.shell:Creating environment hook '/home/nvidia/Milton_Final_Project/install/milton_final_project/share/milton_final_project/hook/pythonpath.ps1'
[5.645s] INFO:colcon.colcon_core.shell:Creating environment descriptor '/home/nvidia/Milton_Final_Project/install/milton_final_project/share/milton_final_project/hook/pythonpath.dsv'
[5.646s] INFO:colcon.colcon_core.shell:Creating environment hook '/home/nvidia/Milton_Final_Project/install/milton_final_project/share/milton_final_project/hook/pythonpath.sh'
[5.648s] Level 1:colcon.colcon_core.environment:checking '/home/nvidia/Milton_Final_Project/install/milton_final_project/bin'
[5.648s] Level 1:colcon.colcon_core.environment:create_environment_scripts_only(milton_final_project)
[5.650s] INFO:colcon.colcon_core.shell:Creating package script '/home/nvidia/Milton_Final_Project/install/milton_final_project/share/milton_final_project/package.ps1'
[5.652s] INFO:colcon.colcon_core.shell:Creating package descriptor '/home/nvidia/Milton_Final_Project/install/milton_final_project/share/milton_final_project/package.dsv'
[5.654s] INFO:colcon.colcon_core.shell:Creating package script '/home/nvidia/Milton_Final_Project/install/milton_final_project/share/milton_final_project/package.sh'
[5.656s] INFO:colcon.colcon_core.shell:Creating package script '/home/nvidia/Milton_Final_Project/install/milton_final_project/share/milton_final_project/package.bash'
[5.658s] INFO:colcon.colcon_core.shell:Creating package script '/home/nvidia/Milton_Final_Project/install/milton_final_project/share/milton_final_project/package.zsh'
[5.660s] Level 1:colcon.colcon_core.environment:create_file_with_runtime_dependencies(/home/nvidia/Milton_Final_Project/install/milton_final_project/share/colcon-core/packages/milton_final_project)
[5.661s] DEBUG:colcon.colcon_parallel_executor.executor.parallel:closing loop
[5.662s] DEBUG:colcon.colcon_parallel_executor.executor.parallel:loop closed
[5.662s] DEBUG:colcon.colcon_parallel_executor.executor.parallel:run_until_complete finished with '0'
[5.663s] DEBUG:colcon.colcon_core.event_reactor:joining thread
[5.678s] INFO:colcon.colcon_core.plugin_system:Skipping extension 'colcon_notification.desktop_notification.terminal_notifier': Not used on non-Darwin systems
[5.679s] INFO:colcon.colcon_core.plugin_system:Skipping extension 'colcon_notification.desktop_notification.win32': Not used on non-Windows systems
[5.679s] INFO:colcon.colcon_notification.desktop_notification:Sending desktop notification using 'notify2'
[5.710s] DEBUG:colcon.colcon_core.event_reactor:joined thread
[5.712s] INFO:colcon.colcon_core.shell:Creating prefix script '/home/nvidia/Milton_Final_Project/install/local_setup.ps1'
[5.715s] INFO:colcon.colcon_core.shell:Creating prefix util module '/home/nvidia/Milton_Final_Project/install/_local_setup_util_ps1.py'
[5.719s] INFO:colcon.colcon_core.shell:Creating prefix chain script '/home/nvidia/Milton_Final_Project/install/setup.ps1'
[5.723s] INFO:colcon.colcon_core.shell:Creating prefix script '/home/nvidia/Milton_Final_Project/install/local_setup.sh'
[5.725s] INFO:colcon.colcon_core.shell:Creating prefix util module '/home/nvidia/Milton_Final_Project/install/_local_setup_util_sh.py'
[5.726s] INFO:colcon.colcon_core.shell:Creating prefix chain script '/home/nvidia/Milton_Final_Project/install/setup.sh'
[5.731s] INFO:colcon.colcon_core.shell:Creating prefix script '/home/nvidia/Milton_Final_Project/install/local_setup.bash'
[5.732s] INFO:colcon.colcon_core.shell:Creating prefix chain script '/home/nvidia/Milton_Final_Project/install/setup.bash'
[5.736s] INFO:colcon.colcon_core.shell:Creating prefix script '/home/nvidia/Milton_Final_Project/install/local_setup.zsh'
[5.737s] INFO:colcon.colcon_core.shell:Creating prefix chain script '/home/nvidia/Milton_Final_Project/install/setup.zsh'
