running egg_info
creating ../../build/milton_final_project/milton_final_project.egg-info
writing ../../build/milton_final_project/milton_final_project.egg-info/PKG-INFO
writing dependency_links to ../../build/milton_final_project/milton_final_project.egg-info/dependency_links.txt
writing requirements to ../../build/milton_final_project/milton_final_project.egg-info/requires.txt
writing top-level names to ../../build/milton_final_project/milton_final_project.egg-info/top_level.txt
writing manifest file '../../build/milton_final_project/milton_final_project.egg-info/SOURCES.txt'
reading manifest file '../../build/milton_final_project/milton_final_project.egg-info/SOURCES.txt'
adding license file 'LICENSE'
writing manifest file '../../build/milton_final_project/milton_final_project.egg-info/SOURCES.txt'
running build
running build_py
creating /home/nvidia/Milton_Final_Project/build/milton_final_project/build
creating /home/nvidia/Milton_Final_Project/build/milton_final_project/build/lib
creating /home/nvidia/Milton_Final_Project/build/milton_final_project/build/lib/milton_final_project
copying milton_final_project/__init__.py -> /home/nvidia/Milton_Final_Project/build/milton_final_project/build/lib/milton_final_project
running install
running install_lib
creating /home/nvidia/Milton_Final_Project/install/milton_final_project/lib/python3.8/site-packages/milton_final_project
copying /home/nvidia/Milton_Final_Project/build/milton_final_project/build/lib/milton_final_project/__init__.py -> /home/nvidia/Milton_Final_Project/install/milton_final_project/lib/python3.8/site-packages/milton_final_project
byte-compiling /home/nvidia/Milton_Final_Project/install/milton_final_project/lib/python3.8/site-packages/milton_final_project/__init__.py to __init__.cpython-38.pyc
running install_data
creating /home/nvidia/Milton_Final_Project/install/milton_final_project/share/ament_index
creating /home/nvidia/Milton_Final_Project/install/milton_final_project/share/ament_index/resource_index
creating /home/nvidia/Milton_Final_Project/install/milton_final_project/share/ament_index/resource_index/packages
copying resource/milton_final_project -> /home/nvidia/Milton_Final_Project/install/milton_final_project/share/ament_index/resource_index/packages
copying package.xml -> /home/nvidia/Milton_Final_Project/install/milton_final_project/share/milton_final_project
running install_egg_info
Copying ../../build/milton_final_project/milton_final_project.egg-info to /home/nvidia/Milton_Final_Project/install/milton_final_project/lib/python3.8/site-packages/milton_final_project-0.0.0-py3.8.egg-info
running install_scripts
writing list of installed files to '/home/nvidia/Milton_Final_Project/build/milton_final_project/install.log'
