[2.817s] Invoking command in '/home/nvidia/Milton_Final_Project/src/milton_final_project': PYTHONPATH=/home/nvidia/Milton_Final_Project/build/milton_final_project/prefix_override:/usr/lib/python3/dist-packages/colcon_core/task/python/colcon_distutils_commands:/home/nvidia/Milton_Final_Project/install/milton_final_project/lib/python3.8/site-packages:${PYTHONPATH} /usr/bin/python3 -W ignore:setup.py install is deprecated setup.py egg_info --egg-base ../../build/milton_final_project build --build-base /home/nvidia/Milton_Final_Project/build/milton_final_project/build install --record /home/nvidia/Milton_Final_Project/build/milton_final_project/install.log --single-version-externally-managed install_data
[3.750s] running egg_info
[3.751s] creating ../../build/milton_final_project/milton_final_project.egg-info
[3.810s] writing ../../build/milton_final_project/milton_final_project.egg-info/PKG-INFO
[3.811s] writing dependency_links to ../../build/milton_final_project/milton_final_project.egg-info/dependency_links.txt
[3.811s] writing requirements to ../../build/milton_final_project/milton_final_project.egg-info/requires.txt
[3.812s] writing top-level names to ../../build/milton_final_project/milton_final_project.egg-info/top_level.txt
[3.820s] writing manifest file '../../build/milton_final_project/milton_final_project.egg-info/SOURCES.txt'
[3.892s] reading manifest file '../../build/milton_final_project/milton_final_project.egg-info/SOURCES.txt'
[3.892s] adding license file 'LICENSE'
[3.893s] writing manifest file '../../build/milton_final_project/milton_final_project.egg-info/SOURCES.txt'
[3.893s] running build
[3.894s] running build_py
[3.894s] creating /home/nvidia/Milton_Final_Project/build/milton_final_project/build
[3.895s] creating /home/nvidia/Milton_Final_Project/build/milton_final_project/build/lib
[3.895s] creating /home/nvidia/Milton_Final_Project/build/milton_final_project/build/lib/milton_final_project
[3.895s] copying milton_final_project/__init__.py -> /home/nvidia/Milton_Final_Project/build/milton_final_project/build/lib/milton_final_project
[3.895s] running install
[3.906s] running install_lib
[3.941s] creating /home/nvidia/Milton_Final_Project/install/milton_final_project/lib/python3.8/site-packages/milton_final_project
[3.941s] copying /home/nvidia/Milton_Final_Project/build/milton_final_project/build/lib/milton_final_project/__init__.py -> /home/nvidia/Milton_Final_Project/install/milton_final_project/lib/python3.8/site-packages/milton_final_project
[3.942s] byte-compiling /home/nvidia/Milton_Final_Project/install/milton_final_project/lib/python3.8/site-packages/milton_final_project/__init__.py to __init__.cpython-38.pyc
[3.942s] running install_data
[3.943s] creating /home/nvidia/Milton_Final_Project/install/milton_final_project/share/ament_index
[3.943s] creating /home/nvidia/Milton_Final_Project/install/milton_final_project/share/ament_index/resource_index
[3.943s] creating /home/nvidia/Milton_Final_Project/install/milton_final_project/share/ament_index/resource_index/packages
[3.943s] copying resource/milton_final_project -> /home/nvidia/Milton_Final_Project/install/milton_final_project/share/ament_index/resource_index/packages
[3.944s] copying package.xml -> /home/nvidia/Milton_Final_Project/install/milton_final_project/share/milton_final_project
[3.944s] running install_egg_info
[3.980s] Copying ../../build/milton_final_project/milton_final_project.egg-info to /home/nvidia/Milton_Final_Project/install/milton_final_project/lib/python3.8/site-packages/milton_final_project-0.0.0-py3.8.egg-info
[3.982s] running install_scripts
[4.118s] writing list of installed files to '/home/nvidia/Milton_Final_Project/build/milton_final_project/install.log'
[4.224s] Invoked command in '/home/nvidia/Milton_Final_Project/src/milton_final_project' returned '0': PYTHONPATH=/home/nvidia/Milton_Final_Project/build/milton_final_project/prefix_override:/usr/lib/python3/dist-packages/colcon_core/task/python/colcon_distutils_commands:/home/nvidia/Milton_Final_Project/install/milton_final_project/lib/python3.8/site-packages:${PYTHONPATH} /usr/bin/python3 -W ignore:setup.py install is deprecated setup.py egg_info --egg-base ../../build/milton_final_project build --build-base /home/nvidia/Milton_Final_Project/build/milton_final_project/build install --record /home/nvidia/Milton_Final_Project/build/milton_final_project/install.log --single-version-externally-managed install_data
