[2.861s] Invoking command in '/home/nvidia/Milton_Final_Project/src/milton_final_project': PYTHONPATH=/home/nvidia/Milton_Final_Project/build/milton_final_project/prefix_override:/usr/lib/python3/dist-packages/colcon_core/task/python/colcon_distutils_commands:/home/nvidia/Milton_Final_Project/install/milton_final_project/lib/python3.8/site-packages:${PYTHONPATH} /usr/bin/python3 -W ignore:setup.py install is deprecated setup.py egg_info --egg-base ../../build/milton_final_project build --build-base /home/nvidia/Milton_Final_Project/build/milton_final_project/build install --record /home/nvidia/Milton_Final_Project/build/milton_final_project/install.log --single-version-externally-managed install_data
[3.830s] running egg_info
[3.867s] writing ../../build/milton_final_project/milton_final_project.egg-info/PKG-INFO
[3.867s] writing dependency_links to ../../build/milton_final_project/milton_final_project.egg-info/dependency_links.txt
[3.868s] writing entry points to ../../build/milton_final_project/milton_final_project.egg-info/entry_points.txt
[3.868s] writing requirements to ../../build/milton_final_project/milton_final_project.egg-info/requires.txt
[3.868s] writing top-level names to ../../build/milton_final_project/milton_final_project.egg-info/top_level.txt
[3.949s] reading manifest file '../../build/milton_final_project/milton_final_project.egg-info/SOURCES.txt'
[3.950s] adding license file 'LICENSE'
[3.951s] writing manifest file '../../build/milton_final_project/milton_final_project.egg-info/SOURCES.txt'
[3.952s] running build
[3.952s] running build_py
[3.952s] copying milton_final_project/face_display_node.py -> /home/nvidia/Milton_Final_Project/build/milton_final_project/build/lib/milton_final_project
[3.953s] running install
[3.964s] running install_lib
[4.001s] copying /home/nvidia/Milton_Final_Project/build/milton_final_project/build/lib/milton_final_project/face_display_node.py -> /home/nvidia/Milton_Final_Project/install/milton_final_project/lib/python3.8/site-packages/milton_final_project
[4.002s] byte-compiling /home/nvidia/Milton_Final_Project/install/milton_final_project/lib/python3.8/site-packages/milton_final_project/face_display_node.py to face_display_node.cpython-38.pyc
[4.006s] running install_data
[4.006s] copying package.xml -> /home/nvidia/Milton_Final_Project/install/milton_final_project/share/milton_final_project
[4.007s] copying launch/face_yolo_launch.py -> /home/nvidia/Milton_Final_Project/install/milton_final_project/share/milton_final_project/launch
[4.007s] creating /home/nvidia/Milton_Final_Project/install/milton_final_project/share/milton_final_project/assets
[4.008s] creating /home/nvidia/Milton_Final_Project/install/milton_final_project/share/milton_final_project/assets/kaia_face
[4.008s] creating /home/nvidia/Milton_Final_Project/install/milton_final_project/share/milton_final_project/assets/kaia_face/excited
[4.008s] copying ../../assets/kaia_face/excited/right-eye.png -> /home/nvidia/Milton_Final_Project/install/milton_final_project/share/milton_final_project/assets/kaia_face/excited
[4.009s] copying ../../assets/kaia_face/excited/left-eye.png -> /home/nvidia/Milton_Final_Project/install/milton_final_project/share/milton_final_project/assets/kaia_face/excited
[4.009s] creating /home/nvidia/Milton_Final_Project/install/milton_final_project/share/milton_final_project/assets/kaia_face/giggle
[4.009s] copying ../../assets/kaia_face/giggle/right-eye.png -> /home/nvidia/Milton_Final_Project/install/milton_final_project/share/milton_final_project/assets/kaia_face/giggle
[4.009s] copying ../../assets/kaia_face/giggle/left-eye.png -> /home/nvidia/Milton_Final_Project/install/milton_final_project/share/milton_final_project/assets/kaia_face/giggle
[4.010s] creating /home/nvidia/Milton_Final_Project/install/milton_final_project/share/milton_final_project/assets/kaia_face/blinking
[4.010s] copying ../../assets/kaia_face/blinking/right-eye.png -> /home/nvidia/Milton_Final_Project/install/milton_final_project/share/milton_final_project/assets/kaia_face/blinking
[4.010s] copying ../../assets/kaia_face/blinking/left-eye.png -> /home/nvidia/Milton_Final_Project/install/milton_final_project/share/milton_final_project/assets/kaia_face/blinking
[4.010s] creating /home/nvidia/Milton_Final_Project/install/milton_final_project/share/milton_final_project/assets/kaia_face/bored
[4.011s] copying ../../assets/kaia_face/bored/right-eye.png -> /home/nvidia/Milton_Final_Project/install/milton_final_project/share/milton_final_project/assets/kaia_face/bored
[4.011s] copying ../../assets/kaia_face/bored/left-eye.png -> /home/nvidia/Milton_Final_Project/install/milton_final_project/share/milton_final_project/assets/kaia_face/bored
[4.011s] creating /home/nvidia/Milton_Final_Project/install/milton_final_project/share/milton_final_project/assets/kaia_face/awkward
[4.011s] copying ../../assets/kaia_face/awkward/right-eye.png -> /home/nvidia/Milton_Final_Project/install/milton_final_project/share/milton_final_project/assets/kaia_face/awkward
[4.012s] copying ../../assets/kaia_face/awkward/left-eye.png -> /home/nvidia/Milton_Final_Project/install/milton_final_project/share/milton_final_project/assets/kaia_face/awkward
[4.012s] creating /home/nvidia/Milton_Final_Project/install/milton_final_project/share/milton_final_project/assets/kaia_face/happy
[4.012s] copying ../../assets/kaia_face/happy/right-eye.png -> /home/nvidia/Milton_Final_Project/install/milton_final_project/share/milton_final_project/assets/kaia_face/happy
[4.013s] copying ../../assets/kaia_face/happy/background-min.png -> /home/nvidia/Milton_Final_Project/install/milton_final_project/share/milton_final_project/assets/kaia_face/happy
[4.013s] copying ../../assets/kaia_face/happy/left-eye.png -> /home/nvidia/Milton_Final_Project/install/milton_final_project/share/milton_final_project/assets/kaia_face/happy
[4.013s] creating /home/nvidia/Milton_Final_Project/install/milton_final_project/share/milton_final_project/assets/kaia_face/determined
[4.013s] copying ../../assets/kaia_face/determined/right-eye.png -> /home/nvidia/Milton_Final_Project/install/milton_final_project/share/milton_final_project/assets/kaia_face/determined
[4.014s] copying ../../assets/kaia_face/determined/left-eye.png -> /home/nvidia/Milton_Final_Project/install/milton_final_project/share/milton_final_project/assets/kaia_face/determined
[4.014s] creating /home/nvidia/Milton_Final_Project/install/milton_final_project/share/milton_final_project/assets/kaia_face/annoyed
[4.014s] copying ../../assets/kaia_face/annoyed/right-eye.png -> /home/nvidia/Milton_Final_Project/install/milton_final_project/share/milton_final_project/assets/kaia_face/annoyed
[4.014s] copying ../../assets/kaia_face/annoyed/left-eye.png -> /home/nvidia/Milton_Final_Project/install/milton_final_project/share/milton_final_project/assets/kaia_face/annoyed
[4.014s] creating /home/nvidia/Milton_Final_Project/install/milton_final_project/share/milton_final_project/assets/kaia_face/apologetic
[4.015s] copying ../../assets/kaia_face/apologetic/right-eye.png -> /home/nvidia/Milton_Final_Project/install/milton_final_project/share/milton_final_project/assets/kaia_face/apologetic
[4.015s] copying ../../assets/kaia_face/apologetic/left-eye.png -> /home/nvidia/Milton_Final_Project/install/milton_final_project/share/milton_final_project/assets/kaia_face/apologetic
[4.015s] creating /home/nvidia/Milton_Final_Project/install/milton_final_project/share/milton_final_project/assets/kaia_face/anxious
[4.015s] copying ../../assets/kaia_face/anxious/right-eye.png -> /home/nvidia/Milton_Final_Project/install/milton_final_project/share/milton_final_project/assets/kaia_face/anxious
[4.015s] copying ../../assets/kaia_face/anxious/left-eye.png -> /home/nvidia/Milton_Final_Project/install/milton_final_project/share/milton_final_project/assets/kaia_face/anxious
[4.015s] creating /home/nvidia/Milton_Final_Project/install/milton_final_project/share/milton_final_project/assets/kaia_face/thinking
[4.015s] copying ../../assets/kaia_face/thinking/right-eye.png -> /home/nvidia/Milton_Final_Project/install/milton_final_project/share/milton_final_project/assets/kaia_face/thinking
[4.016s] copying ../../assets/kaia_face/thinking/left-eye.png -> /home/nvidia/Milton_Final_Project/install/milton_final_project/share/milton_final_project/assets/kaia_face/thinking
[4.016s] running install_egg_info
[4.053s] removing '/home/nvidia/Milton_Final_Project/install/milton_final_project/lib/python3.8/site-packages/milton_final_project-0.0.0-py3.8.egg-info' (and everything under it)
[4.053s] Copying ../../build/milton_final_project/milton_final_project.egg-info to /home/nvidia/Milton_Final_Project/install/milton_final_project/lib/python3.8/site-packages/milton_final_project-0.0.0-py3.8.egg-info
[4.055s] running install_scripts
[4.197s] Installing face_display_node script to /home/nvidia/Milton_Final_Project/install/milton_final_project/lib/milton_final_project
[4.197s] Installing yolo_node script to /home/nvidia/Milton_Final_Project/install/milton_final_project/lib/milton_final_project
[4.197s] Installing yolo_web_stream script to /home/nvidia/Milton_Final_Project/install/milton_final_project/lib/milton_final_project
[4.198s] writing list of installed files to '/home/nvidia/Milton_Final_Project/build/milton_final_project/install.log'
[4.311s] Invoked command in '/home/nvidia/Milton_Final_Project/src/milton_final_project' returned '0': PYTHONPATH=/home/nvidia/Milton_Final_Project/build/milton_final_project/prefix_override:/usr/lib/python3/dist-packages/colcon_core/task/python/colcon_distutils_commands:/home/nvidia/Milton_Final_Project/install/milton_final_project/lib/python3.8/site-packages:${PYTHONPATH} /usr/bin/python3 -W ignore:setup.py install is deprecated setup.py egg_info --egg-base ../../build/milton_final_project build --build-base /home/nvidia/Milton_Final_Project/build/milton_final_project/build install --record /home/nvidia/Milton_Final_Project/build/milton_final_project/install.log --single-version-externally-managed install_data
