[0.853s] DEBUG:colcon:Command line arguments: ['/usr/bin/colcon', 'build']
[0.853s] DEBUG:colcon:Parsed command line arguments: Namespace(allow_overriding=[], ament_cmake_args=None, base_paths=['.'], build_base='build', catkin_cmake_args=None, catkin_skip_building_tests=False, cmake_args=None, cmake_clean_cache=False, cmake_clean_first=False, cmake_force_configure=False, cmake_target=None, cmake_target_skip_unavailable=False, continue_on_error=False, event_handlers=None, executor='parallel', ignore_user_meta=False, install_base='install', log_base=None, log_level=None, main=<bound method BuildVerb.main of <colcon_core.verb.build.BuildVerb object at 0xffff92d1b8e0>>, merge_install=False, metas=['./colcon.meta'], mixin=None, mixin_files=None, mixin_verb=('build',), packages_above=None, packages_above_and_dependencies=None, packages_above_depth=None, packages_end=None, packages_ignore=None, packages_ignore_regex=None, packages_select=None, packages_select_build_failed=False, packages_select_by_dep=None, packages_select_regex=None, packages_select_test_failures=False, packages_skip=None, packages_skip_build_finished=False, packages_skip_by_dep=None, packages_skip_regex=None, packages_skip_test_passed=False, packages_skip_up_to=None, packages_start=None, packages_up_to=None, packages_up_to_regex=None, parallel_workers=6, paths=None, symlink_install=False, test_result_base=None, verb_extension=<colcon_core.verb.build.BuildVerb object at 0xffff92d1b8e0>, verb_name='build', verb_parser=<colcon_mixin.mixin.mixin_argument.MixinArgumentDecorator object at 0xffff92c0c760>)
[1.587s] Level 1:colcon.colcon_core.package_discovery:discover_packages(colcon_meta) check parameters
[1.588s] Level 1:colcon.colcon_core.package_discovery:discover_packages(recursive) check parameters
[1.588s] Level 1:colcon.colcon_core.package_discovery:discover_packages(ignore) check parameters
[1.588s] Level 1:colcon.colcon_core.package_discovery:discover_packages(path) check parameters
[1.588s] Level 1:colcon.colcon_core.package_discovery:discover_packages(colcon_meta) discover
[1.588s] Level 1:colcon.colcon_core.package_discovery:discover_packages(recursive) discover
[1.589s] INFO:colcon.colcon_core.package_discovery:Crawling recursively for packages in '/home/nvidia/Milton_Final_Project'
[1.589s] Level 1:colcon.colcon_core.package_identification:_identify(.) by extensions ['ignore', 'ignore_ament_install']
[1.589s] Level 1:colcon.colcon_core.package_identification:_identify(.) by extension 'ignore'
[1.589s] Level 1:colcon.colcon_core.package_identification:_identify(.) by extension 'ignore_ament_install'
[1.589s] Level 1:colcon.colcon_core.package_identification:_identify(.) by extensions ['colcon_pkg']
[1.590s] Level 1:colcon.colcon_core.package_identification:_identify(.) by extension 'colcon_pkg'
[1.590s] Level 1:colcon.colcon_core.package_identification:_identify(.) by extensions ['colcon_meta']
[1.590s] Level 1:colcon.colcon_core.package_identification:_identify(.) by extension 'colcon_meta'
[1.590s] Level 1:colcon.colcon_core.package_identification:_identify(.) by extensions ['ros']
[1.590s] Level 1:colcon.colcon_core.package_identification:_identify(.) by extension 'ros'
[1.620s] Level 1:colcon.colcon_core.package_identification:_identify(.) by extensions ['cmake', 'python']
[1.621s] Level 1:colcon.colcon_core.package_identification:_identify(.) by extension 'cmake'
[1.621s] Level 1:colcon.colcon_core.package_identification:_identify(.) by extension 'python'
[1.621s] Level 1:colcon.colcon_core.package_identification:_identify(.) by extensions ['python_setup_py']
[1.621s] Level 1:colcon.colcon_core.package_identification:_identify(.) by extension 'python_setup_py'
[1.622s] Level 1:colcon.colcon_core.package_identification:_identify(build) by extensions ['ignore', 'ignore_ament_install']
[1.622s] Level 1:colcon.colcon_core.package_identification:_identify(build) by extension 'ignore'
[1.622s] Level 1:colcon.colcon_core.package_identification:_identify(build) ignored
[1.622s] Level 1:colcon.colcon_core.package_identification:_identify(install) by extensions ['ignore', 'ignore_ament_install']
[1.623s] Level 1:colcon.colcon_core.package_identification:_identify(install) by extension 'ignore'
[1.623s] Level 1:colcon.colcon_core.package_identification:_identify(install) ignored
[1.623s] Level 1:colcon.colcon_core.package_identification:_identify(log) by extensions ['ignore', 'ignore_ament_install']
[1.623s] Level 1:colcon.colcon_core.package_identification:_identify(log) by extension 'ignore'
[1.623s] Level 1:colcon.colcon_core.package_identification:_identify(log) ignored
[1.623s] Level 1:colcon.colcon_core.package_identification:_identify(src) by extensions ['ignore', 'ignore_ament_install']
[1.624s] Level 1:colcon.colcon_core.package_identification:_identify(src) by extension 'ignore'
[1.624s] Level 1:colcon.colcon_core.package_identification:_identify(src) by extension 'ignore_ament_install'
[1.624s] Level 1:colcon.colcon_core.package_identification:_identify(src) by extensions ['colcon_pkg']
[1.624s] Level 1:colcon.colcon_core.package_identification:_identify(src) by extension 'colcon_pkg'
[1.624s] Level 1:colcon.colcon_core.package_identification:_identify(src) by extensions ['colcon_meta']
[1.624s] Level 1:colcon.colcon_core.package_identification:_identify(src) by extension 'colcon_meta'
[1.624s] Level 1:colcon.colcon_core.package_identification:_identify(src) by extensions ['ros']
[1.624s] Level 1:colcon.colcon_core.package_identification:_identify(src) by extension 'ros'
[1.624s] Level 1:colcon.colcon_core.package_identification:_identify(src) by extensions ['cmake', 'python']
[1.624s] Level 1:colcon.colcon_core.package_identification:_identify(src) by extension 'cmake'
[1.625s] Level 1:colcon.colcon_core.package_identification:_identify(src) by extension 'python'
[1.625s] Level 1:colcon.colcon_core.package_identification:_identify(src) by extensions ['python_setup_py']
[1.625s] Level 1:colcon.colcon_core.package_identification:_identify(src) by extension 'python_setup_py'
[1.625s] Level 1:colcon.colcon_core.package_identification:_identify(src/milton_final_project) by extensions ['ignore', 'ignore_ament_install']
[1.625s] Level 1:colcon.colcon_core.package_identification:_identify(src/milton_final_project) by extension 'ignore'
[1.625s] Level 1:colcon.colcon_core.package_identification:_identify(src/milton_final_project) by extension 'ignore_ament_install'
[1.625s] Level 1:colcon.colcon_core.package_identification:_identify(src/milton_final_project) by extensions ['colcon_pkg']
[1.625s] Level 1:colcon.colcon_core.package_identification:_identify(src/milton_final_project) by extension 'colcon_pkg'
[1.626s] Level 1:colcon.colcon_core.package_identification:_identify(src/milton_final_project) by extensions ['colcon_meta']
[1.626s] Level 1:colcon.colcon_core.package_identification:_identify(src/milton_final_project) by extension 'colcon_meta'
[1.626s] Level 1:colcon.colcon_core.package_identification:_identify(src/milton_final_project) by extensions ['ros']
[1.626s] Level 1:colcon.colcon_core.package_identification:_identify(src/milton_final_project) by extension 'ros'
[1.644s] DEBUG:colcon.colcon_core.package_identification:Package 'src/milton_final_project' with type 'ros.ament_python' and name 'milton_final_project'
[1.644s] Level 1:colcon.colcon_core.package_discovery:discover_packages(recursive) using defaults
[1.644s] Level 1:colcon.colcon_core.package_discovery:discover_packages(ignore) discover
[1.644s] Level 1:colcon.colcon_core.package_discovery:discover_packages(ignore) using defaults
[1.644s] Level 1:colcon.colcon_core.package_discovery:discover_packages(path) discover
[1.644s] Level 1:colcon.colcon_core.package_discovery:discover_packages(path) using defaults
[1.694s] Level 1:colcon.colcon_core.package_discovery:discover_packages(prefix_path) check parameters
[1.695s] Level 1:colcon.colcon_core.package_discovery:discover_packages(prefix_path) discover
[1.702s] DEBUG:colcon.colcon_installed_package_information.package_discovery:Found 3 installed packages in /home/nvidia/ENGR857_Huang_Kevin/ros2_ws/install
[1.704s] DEBUG:colcon.colcon_installed_package_information.package_discovery:Found 3 installed packages in /home/nvidia/ENGR857_Huang_Kevin/ros2_ws/src/install
[1.706s] DEBUG:colcon.colcon_installed_package_information.package_discovery:Found 1 installed packages in /home/nvidia/ENGR857_Huang_Kevin/ros2_ws/src/teleop/install
[1.707s] DEBUG:colcon.colcon_installed_package_information.package_discovery:Found 3 installed packages in /home/nvidia/ros2/install
[1.714s] DEBUG:colcon.colcon_installed_package_information.package_discovery:Found 355 installed packages in /opt/ros/humble
[1.718s] Level 1:colcon.colcon_core.package_discovery:discover_packages(prefix_path) using defaults
[1.931s] Level 5:colcon.colcon_core.verb:set package 'milton_final_project' build argument 'cmake_args' from command line to 'None'
[1.932s] Level 5:colcon.colcon_core.verb:set package 'milton_final_project' build argument 'cmake_target' from command line to 'None'
[1.932s] Level 5:colcon.colcon_core.verb:set package 'milton_final_project' build argument 'cmake_target_skip_unavailable' from command line to 'False'
[1.932s] Level 5:colcon.colcon_core.verb:set package 'milton_final_project' build argument 'cmake_clean_cache' from command line to 'False'
[1.932s] Level 5:colcon.colcon_core.verb:set package 'milton_final_project' build argument 'cmake_clean_first' from command line to 'False'
[1.932s] Level 5:colcon.colcon_core.verb:set package 'milton_final_project' build argument 'cmake_force_configure' from command line to 'False'
[1.932s] Level 5:colcon.colcon_core.verb:set package 'milton_final_project' build argument 'ament_cmake_args' from command line to 'None'
[1.932s] Level 5:colcon.colcon_core.verb:set package 'milton_final_project' build argument 'catkin_cmake_args' from command line to 'None'
[1.932s] Level 5:colcon.colcon_core.verb:set package 'milton_final_project' build argument 'catkin_skip_building_tests' from command line to 'False'
[1.932s] DEBUG:colcon.colcon_core.verb:Building package 'milton_final_project' with the following arguments: {'ament_cmake_args': None, 'build_base': '/home/nvidia/Milton_Final_Project/build/milton_final_project', 'catkin_cmake_args': None, 'catkin_skip_building_tests': False, 'cmake_args': None, 'cmake_clean_cache': False, 'cmake_clean_first': False, 'cmake_force_configure': False, 'cmake_target': None, 'cmake_target_skip_unavailable': False, 'install_base': '/home/nvidia/Milton_Final_Project/install/milton_final_project', 'merge_install': False, 'path': '/home/nvidia/Milton_Final_Project/src/milton_final_project', 'symlink_install': False, 'test_result_base': None}
[1.933s] INFO:colcon.colcon_core.executor:Executing jobs using 'parallel' executor
[1.935s] DEBUG:colcon.colcon_parallel_executor.executor.parallel:run_until_complete
[1.936s] INFO:colcon.colcon_ros.task.ament_python.build:Building ROS package in '/home/nvidia/Milton_Final_Project/src/milton_final_project' with build type 'ament_python'
[1.937s] Level 1:colcon.colcon_core.shell:create_environment_hook('milton_final_project', 'ament_prefix_path')
[1.946s] INFO:colcon.colcon_core.plugin_system:Skipping extension 'colcon_core.shell.bat': Not used on non-Windows systems
[1.946s] INFO:colcon.colcon_core.shell:Creating environment hook '/home/nvidia/Milton_Final_Project/install/milton_final_project/share/milton_final_project/hook/ament_prefix_path.ps1'
[1.948s] INFO:colcon.colcon_core.shell:Creating environment descriptor '/home/nvidia/Milton_Final_Project/install/milton_final_project/share/milton_final_project/hook/ament_prefix_path.dsv'
[1.950s] INFO:colcon.colcon_core.shell:Creating environment hook '/home/nvidia/Milton_Final_Project/install/milton_final_project/share/milton_final_project/hook/ament_prefix_path.sh'
[1.952s] INFO:colcon.colcon_core.shell:Skip shell extension 'powershell' for command environment: Not usable outside of PowerShell
[1.953s] DEBUG:colcon.colcon_core.shell:Skip shell extension 'dsv' for command environment
[3.089s] INFO:colcon.colcon_core.task.python.build:Building Python package in '/home/nvidia/Milton_Final_Project/src/milton_final_project'
[3.091s] INFO:colcon.colcon_core.shell:Skip shell extension 'powershell' for command environment: Not usable outside of PowerShell
[3.091s] DEBUG:colcon.colcon_core.shell:Skip shell extension 'dsv' for command environment
[5.260s] DEBUG:colcon.colcon_core.event_handler.log_command:Invoking command in '/home/nvidia/Milton_Final_Project/src/milton_final_project': PYTHONPATH=/home/nvidia/Milton_Final_Project/build/milton_final_project/prefix_override:/usr/lib/python3/dist-packages/colcon_core/task/python/colcon_distutils_commands:/home/nvidia/Milton_Final_Project/install/milton_final_project/lib/python3.8/site-packages:${PYTHONPATH} /usr/bin/python3 -W ignore:setup.py install is deprecated setup.py egg_info --egg-base ../../build/milton_final_project build --build-base /home/nvidia/Milton_Final_Project/build/milton_final_project/build install --record /home/nvidia/Milton_Final_Project/build/milton_final_project/install.log --single-version-externally-managed install_data
[6.927s] DEBUG:colcon.colcon_core.event_handler.log_command:Invoked command in '/home/nvidia/Milton_Final_Project/src/milton_final_project' returned '0': PYTHONPATH=/home/nvidia/Milton_Final_Project/build/milton_final_project/prefix_override:/usr/lib/python3/dist-packages/colcon_core/task/python/colcon_distutils_commands:/home/nvidia/Milton_Final_Project/install/milton_final_project/lib/python3.8/site-packages:${PYTHONPATH} /usr/bin/python3 -W ignore:setup.py install is deprecated setup.py egg_info --egg-base ../../build/milton_final_project build --build-base /home/nvidia/Milton_Final_Project/build/milton_final_project/build install --record /home/nvidia/Milton_Final_Project/build/milton_final_project/install.log --single-version-externally-managed install_data
[6.946s] Level 1:colcon.colcon_core.environment:checking '/home/nvidia/Milton_Final_Project/install/milton_final_project' for CMake module files
[6.948s] Level 1:colcon.colcon_core.environment:checking '/home/nvidia/Milton_Final_Project/install/milton_final_project' for CMake config files
[6.950s] Level 1:colcon.colcon_core.environment:checking '/home/nvidia/Milton_Final_Project/install/milton_final_project/lib'
[6.951s] Level 1:colcon.colcon_core.environment:checking '/home/nvidia/Milton_Final_Project/install/milton_final_project/bin'
[6.951s] Level 1:colcon.colcon_core.environment:checking '/home/nvidia/Milton_Final_Project/install/milton_final_project/lib/pkgconfig/milton_final_project.pc'
[6.952s] Level 1:colcon.colcon_core.environment:checking '/home/nvidia/Milton_Final_Project/install/milton_final_project/lib/python3.8/site-packages'
[6.952s] Level 1:colcon.colcon_core.shell:create_environment_hook('milton_final_project', 'pythonpath')
[6.953s] INFO:colcon.colcon_core.shell:Creating environment hook '/home/nvidia/Milton_Final_Project/install/milton_final_project/share/milton_final_project/hook/pythonpath.ps1'
[6.956s] INFO:colcon.colcon_core.shell:Creating environment descriptor '/home/nvidia/Milton_Final_Project/install/milton_final_project/share/milton_final_project/hook/pythonpath.dsv'
[6.957s] INFO:colcon.colcon_core.shell:Creating environment hook '/home/nvidia/Milton_Final_Project/install/milton_final_project/share/milton_final_project/hook/pythonpath.sh'
[6.959s] Level 1:colcon.colcon_core.environment:checking '/home/nvidia/Milton_Final_Project/install/milton_final_project/bin'
[6.959s] Level 1:colcon.colcon_core.environment:create_environment_scripts_only(milton_final_project)
[6.960s] INFO:colcon.colcon_core.shell:Creating package script '/home/nvidia/Milton_Final_Project/install/milton_final_project/share/milton_final_project/package.ps1'
[6.964s] INFO:colcon.colcon_core.shell:Creating package descriptor '/home/nvidia/Milton_Final_Project/install/milton_final_project/share/milton_final_project/package.dsv'
[6.966s] INFO:colcon.colcon_core.shell:Creating package script '/home/nvidia/Milton_Final_Project/install/milton_final_project/share/milton_final_project/package.sh'
[6.969s] INFO:colcon.colcon_core.shell:Creating package script '/home/nvidia/Milton_Final_Project/install/milton_final_project/share/milton_final_project/package.bash'
[6.972s] INFO:colcon.colcon_core.shell:Creating package script '/home/nvidia/Milton_Final_Project/install/milton_final_project/share/milton_final_project/package.zsh'
[6.976s] Level 1:colcon.colcon_core.environment:create_file_with_runtime_dependencies(/home/nvidia/Milton_Final_Project/install/milton_final_project/share/colcon-core/packages/milton_final_project)
[6.977s] DEBUG:colcon.colcon_parallel_executor.executor.parallel:closing loop
[6.978s] DEBUG:colcon.colcon_parallel_executor.executor.parallel:loop closed
[6.978s] DEBUG:colcon.colcon_parallel_executor.executor.parallel:run_until_complete finished with '0'
[6.978s] DEBUG:colcon.colcon_core.event_reactor:joining thread
[6.996s] INFO:colcon.colcon_core.plugin_system:Skipping extension 'colcon_notification.desktop_notification.terminal_notifier': Not used on non-Darwin systems
[6.996s] INFO:colcon.colcon_core.plugin_system:Skipping extension 'colcon_notification.desktop_notification.win32': Not used on non-Windows systems
[6.996s] INFO:colcon.colcon_notification.desktop_notification:Sending desktop notification using 'notify2'
[7.026s] DEBUG:colcon.colcon_notification.desktop_notification.notify2:Failed to initialize notify2: org.freedesktop.DBus.Error.Spawn.ChildExited: Process org.freedesktop.Notifications exited with status 1
[7.027s] DEBUG:colcon.colcon_core.event_reactor:joined thread
[7.028s] INFO:colcon.colcon_core.shell:Creating prefix script '/home/nvidia/Milton_Final_Project/install/local_setup.ps1'
[7.031s] INFO:colcon.colcon_core.shell:Creating prefix util module '/home/nvidia/Milton_Final_Project/install/_local_setup_util_ps1.py'
[7.036s] INFO:colcon.colcon_core.shell:Creating prefix chain script '/home/nvidia/Milton_Final_Project/install/setup.ps1'
[7.043s] INFO:colcon.colcon_core.shell:Creating prefix script '/home/nvidia/Milton_Final_Project/install/local_setup.sh'
[7.045s] INFO:colcon.colcon_core.shell:Creating prefix util module '/home/nvidia/Milton_Final_Project/install/_local_setup_util_sh.py'
[7.047s] INFO:colcon.colcon_core.shell:Creating prefix chain script '/home/nvidia/Milton_Final_Project/install/setup.sh'
[7.051s] INFO:colcon.colcon_core.shell:Creating prefix script '/home/nvidia/Milton_Final_Project/install/local_setup.bash'
[7.053s] INFO:colcon.colcon_core.shell:Creating prefix chain script '/home/nvidia/Milton_Final_Project/install/setup.bash'
[7.057s] INFO:colcon.colcon_core.shell:Creating prefix script '/home/nvidia/Milton_Final_Project/install/local_setup.zsh'
[7.059s] INFO:colcon.colcon_core.shell:Creating prefix chain script '/home/nvidia/Milton_Final_Project/install/setup.zsh'
