[3.060s] Invoking command in '/home/nvidia/Milton_Final_Project/src/milton_final_project': PYTHONPATH=/home/nvidia/Milton_Final_Project/build/milton_final_project/prefix_override:/usr/lib/python3/dist-packages/colcon_core/task/python/colcon_distutils_commands:/home/nvidia/Milton_Final_Project/install/milton_final_project/lib/python3.8/site-packages:${PYTHONPATH} /usr/bin/python3 -W ignore:setup.py install is deprecated setup.py egg_info --egg-base ../../build/milton_final_project build --build-base /home/nvidia/Milton_Final_Project/build/milton_final_project/build install --record /home/nvidia/Milton_Final_Project/build/milton_final_project/install.log --single-version-externally-managed install_data
[4.065s] running egg_info
[4.103s] writing ../../build/milton_final_project/milton_final_project.egg-info/PKG-INFO
[4.104s] writing dependency_links to ../../build/milton_final_project/milton_final_project.egg-info/dependency_links.txt
[4.104s] writing entry points to ../../build/milton_final_project/milton_final_project.egg-info/entry_points.txt
[4.105s] writing requirements to ../../build/milton_final_project/milton_final_project.egg-info/requires.txt
[4.105s] writing top-level names to ../../build/milton_final_project/milton_final_project.egg-info/top_level.txt
[4.190s] reading manifest file '../../build/milton_final_project/milton_final_project.egg-info/SOURCES.txt'
[4.190s] adding license file 'LICENSE'
[4.193s] writing manifest file '../../build/milton_final_project/milton_final_project.egg-info/SOURCES.txt'
[4.193s] running build
[4.193s] running build_py
[4.194s] copying milton_final_project/face_display_node.py -> /home/nvidia/Milton_Final_Project/build/milton_final_project/build/lib/milton_final_project
[4.194s] running install
[4.206s] running install_lib
[4.245s] copying /home/nvidia/Milton_Final_Project/build/milton_final_project/build/lib/milton_final_project/face_display_node.py -> /home/nvidia/Milton_Final_Project/install/milton_final_project/lib/python3.8/site-packages/milton_final_project
[4.246s] byte-compiling /home/nvidia/Milton_Final_Project/install/milton_final_project/lib/python3.8/site-packages/milton_final_project/face_display_node.py to face_display_node.cpython-38.pyc
[4.250s] running install_data
[4.251s] copying launch/face_yolo_launch.py -> /home/nvidia/Milton_Final_Project/install/milton_final_project/share/milton_final_project/launch
[4.252s] running install_egg_info
[4.292s] removing '/home/nvidia/Milton_Final_Project/install/milton_final_project/lib/python3.8/site-packages/milton_final_project-0.0.0-py3.8.egg-info' (and everything under it)
[4.292s] Copying ../../build/milton_final_project/milton_final_project.egg-info to /home/nvidia/Milton_Final_Project/install/milton_final_project/lib/python3.8/site-packages/milton_final_project-0.0.0-py3.8.egg-info
[4.295s] running install_scripts
[4.440s] Installing face_display_node script to /home/nvidia/Milton_Final_Project/install/milton_final_project/lib/milton_final_project
[4.440s] Installing yolo_node script to /home/nvidia/Milton_Final_Project/install/milton_final_project/lib/milton_final_project
[4.440s] Installing yolo_web_stream script to /home/nvidia/Milton_Final_Project/install/milton_final_project/lib/milton_final_project
[4.441s] writing list of installed files to '/home/nvidia/Milton_Final_Project/build/milton_final_project/install.log'
[4.558s] Invoked command in '/home/nvidia/Milton_Final_Project/src/milton_final_project' returned '0': PYTHONPATH=/home/nvidia/Milton_Final_Project/build/milton_final_project/prefix_override:/usr/lib/python3/dist-packages/colcon_core/task/python/colcon_distutils_commands:/home/nvidia/Milton_Final_Project/install/milton_final_project/lib/python3.8/site-packages:${PYTHONPATH} /usr/bin/python3 -W ignore:setup.py install is deprecated setup.py egg_info --egg-base ../../build/milton_final_project build --build-base /home/nvidia/Milton_Final_Project/build/milton_final_project/build install --record /home/nvidia/Milton_Final_Project/build/milton_final_project/install.log --single-version-externally-managed install_data
