/home/nvidia/Milton_Final_Project/install/milton_final_project/lib/python3.8/site-packages/milton_final_project/seic_directory.py
/home/nvidia/Milton_Final_Project/install/milton_final_project/lib/python3.8/site-packages/milton_final_project/yolo_node.py
/home/nvidia/Milton_Final_Project/install/milton_final_project/lib/python3.8/site-packages/milton_final_project/yolo_web_stream.py
/home/nvidia/Milton_Final_Project/install/milton_final_project/lib/python3.8/site-packages/milton_final_project/__init__.py
/home/nvidia/Milton_Final_Project/install/milton_final_project/lib/python3.8/site-packages/milton_final_project/robot_interpreter.py
/home/nvidia/Milton_Final_Project/install/milton_final_project/lib/python3.8/site-packages/milton_final_project/face_display_node.py
/home/nvidia/Milton_Final_Project/install/milton_final_project/lib/python3.8/site-packages/milton_final_project/wayfinding_input_node.py
/home/nvidia/Milton_Final_Project/install/milton_final_project/lib/python3.8/site-packages/milton_final_project/robot_assistant.py
/home/nvidia/Milton_Final_Project/install/milton_final_project/lib/python3.8/site-packages/milton_final_project/__pycache__/seic_directory.cpython-38.pyc
/home/nvidia/Milton_Final_Project/install/milton_final_project/lib/python3.8/site-packages/milton_final_project/__pycache__/yolo_node.cpython-38.pyc
/home/nvidia/Milton_Final_Project/install/milton_final_project/lib/python3.8/site-packages/milton_final_project/__pycache__/yolo_web_stream.cpython-38.pyc
/home/nvidia/Milton_Final_Project/install/milton_final_project/lib/python3.8/site-packages/milton_final_project/__pycache__/__init__.cpython-38.pyc
/home/nvidia/Milton_Final_Project/install/milton_final_project/lib/python3.8/site-packages/milton_final_project/__pycache__/robot_interpreter.cpython-38.pyc
/home/nvidia/Milton_Final_Project/install/milton_final_project/lib/python3.8/site-packages/milton_final_project/__pycache__/face_display_node.cpython-38.pyc
/home/nvidia/Milton_Final_Project/install/milton_final_project/lib/python3.8/site-packages/milton_final_project/__pycache__/wayfinding_input_node.cpython-38.pyc
/home/nvidia/Milton_Final_Project/install/milton_final_project/lib/python3.8/site-packages/milton_final_project/__pycache__/robot_assistant.cpython-38.pyc
/home/nvidia/Milton_Final_Project/install/milton_final_project/share/ament_index/resource_index/packages/milton_final_project
/home/nvidia/Milton_Final_Project/install/milton_final_project/share/milton_final_project/package.xml
/home/nvidia/Milton_Final_Project/install/milton_final_project/share/milton_final_project/launch/yolo_launch.py
/home/nvidia/Milton_Final_Project/install/milton_final_project/share/milton_final_project/launch/face_yolo_launch.py
/home/nvidia/Milton_Final_Project/install/milton_final_project/share/milton_final_project/assets/kaia_face/excited/right-eye.png
/home/nvidia/Milton_Final_Project/install/milton_final_project/share/milton_final_project/assets/kaia_face/excited/left-eye.png
/home/nvidia/Milton_Final_Project/install/milton_final_project/share/milton_final_project/assets/kaia_face/giggle/right-eye.png
/home/nvidia/Milton_Final_Project/install/milton_final_project/share/milton_final_project/assets/kaia_face/giggle/left-eye.png
/home/nvidia/Milton_Final_Project/install/milton_final_project/share/milton_final_project/assets/kaia_face/blinking/right-eye.png
/home/nvidia/Milton_Final_Project/install/milton_final_project/share/milton_final_project/assets/kaia_face/blinking/left-eye.png
/home/nvidia/Milton_Final_Project/install/milton_final_project/share/milton_final_project/assets/kaia_face/bored/right-eye.png
/home/nvidia/Milton_Final_Project/install/milton_final_project/share/milton_final_project/assets/kaia_face/bored/left-eye.png
/home/nvidia/Milton_Final_Project/install/milton_final_project/share/milton_final_project/assets/kaia_face/awkward/right-eye.png
/home/nvidia/Milton_Final_Project/install/milton_final_project/share/milton_final_project/assets/kaia_face/awkward/left-eye.png
/home/nvidia/Milton_Final_Project/install/milton_final_project/share/milton_final_project/assets/kaia_face/happy/right-eye.png
/home/nvidia/Milton_Final_Project/install/milton_final_project/share/milton_final_project/assets/kaia_face/happy/background-min.png
/home/nvidia/Milton_Final_Project/install/milton_final_project/share/milton_final_project/assets/kaia_face/happy/left-eye.png
/home/nvidia/Milton_Final_Project/install/milton_final_project/share/milton_final_project/assets/kaia_face/determined/right-eye.png
/home/nvidia/Milton_Final_Project/install/milton_final_project/share/milton_final_project/assets/kaia_face/determined/left-eye.png
/home/nvidia/Milton_Final_Project/install/milton_final_project/share/milton_final_project/assets/kaia_face/annoyed/right-eye.png
/home/nvidia/Milton_Final_Project/install/milton_final_project/share/milton_final_project/assets/kaia_face/annoyed/left-eye.png
/home/nvidia/Milton_Final_Project/install/milton_final_project/share/milton_final_project/assets/kaia_face/apologetic/right-eye.png
/home/nvidia/Milton_Final_Project/install/milton_final_project/share/milton_final_project/assets/kaia_face/apologetic/left-eye.png
/home/nvidia/Milton_Final_Project/install/milton_final_project/share/milton_final_project/assets/kaia_face/anxious/right-eye.png
/home/nvidia/Milton_Final_Project/install/milton_final_project/share/milton_final_project/assets/kaia_face/anxious/left-eye.png
/home/nvidia/Milton_Final_Project/install/milton_final_project/share/milton_final_project/assets/kaia_face/thinking/right-eye.png
/home/nvidia/Milton_Final_Project/install/milton_final_project/share/milton_final_project/assets/kaia_face/thinking/left-eye.png
/home/nvidia/Milton_Final_Project/install/milton_final_project/share/milton_final_project/data/seic_public_directory.xlsx
/home/nvidia/Milton_Final_Project/install/milton_final_project/lib/python3.8/site-packages/milton_final_project-0.0.0-py3.8.egg-info/zip-safe
/home/nvidia/Milton_Final_Project/install/milton_final_project/lib/python3.8/site-packages/milton_final_project-0.0.0-py3.8.egg-info/requires.txt
/home/nvidia/Milton_Final_Project/install/milton_final_project/lib/python3.8/site-packages/milton_final_project-0.0.0-py3.8.egg-info/PKG-INFO
/home/nvidia/Milton_Final_Project/install/milton_final_project/lib/python3.8/site-packages/milton_final_project-0.0.0-py3.8.egg-info/dependency_links.txt
/home/nvidia/Milton_Final_Project/install/milton_final_project/lib/python3.8/site-packages/milton_final_project-0.0.0-py3.8.egg-info/SOURCES.txt
/home/nvidia/Milton_Final_Project/install/milton_final_project/lib/python3.8/site-packages/milton_final_project-0.0.0-py3.8.egg-info/top_level.txt
/home/nvidia/Milton_Final_Project/install/milton_final_project/lib/python3.8/site-packages/milton_final_project-0.0.0-py3.8.egg-info/entry_points.txt
/home/nvidia/Milton_Final_Project/install/milton_final_project/lib/milton_final_project/face_display_node
/home/nvidia/Milton_Final_Project/install/milton_final_project/lib/milton_final_project/wayfinding_input_node
/home/nvidia/Milton_Final_Project/install/milton_final_project/lib/milton_final_project/yolo_node
/home/nvidia/Milton_Final_Project/install/milton_final_project/lib/milton_final_project/yolo_web_stream
