[0.951s] DEBUG:colcon:Command line arguments: ['/usr/bin/colcon', 'build', '--packages-select', 'milton_final_project']
[0.952s] DEBUG:colcon:Parsed command line arguments: Namespace(allow_overriding=[], ament_cmake_args=None, base_paths=['.'], build_base='build', catkin_cmake_args=None, catkin_skip_building_tests=False, cmake_args=None, cmake_clean_cache=False, cmake_clean_first=False, cmake_force_configure=False, cmake_target=None, cmake_target_skip_unavailable=False, continue_on_error=False, event_handlers=None, executor='parallel', ignore_user_meta=False, install_base='install', log_base=None, log_level=None, main=<bound method BuildVerb.main of <colcon_core.verb.build.BuildVerb object at 0xffff8d1152e0>>, merge_install=False, metas=['./colcon.meta'], mixin=None, mixin_files=None, mixin_verb=('build',), packages_above=None, packages_above_and_dependencies=None, packages_above_depth=None, packages_end=None, packages_ignore=None, packages_ignore_regex=None, packages_select=['milton_final_project'], packages_select_build_failed=False, packages_select_by_dep=None, packages_select_regex=None, packages_select_test_failures=False, packages_skip=None, packages_skip_build_finished=False, packages_skip_by_dep=None, packages_skip_regex=None, packages_skip_test_passed=False, packages_skip_up_to=None, packages_start=None, packages_up_to=None, packages_up_to_regex=None, parallel_workers=6, paths=None, symlink_install=False, test_result_base=None, verb_extension=<colcon_core.verb.build.BuildVerb object at 0xffff8d1152e0>, verb_name='build', verb_parser=<colcon_mixin.mixin.mixin_argument.MixinArgumentDecorator object at 0xffff8c463df0>)
[1.537s] Level 1:colcon.colcon_core.package_discovery:discover_packages(colcon_meta) check parameters
[1.538s] Level 1:colcon.colcon_core.package_discovery:discover_packages(recursive) check parameters
[1.538s] Level 1:colcon.colcon_core.package_discovery:discover_packages(ignore) check parameters
[1.538s] Level 1:colcon.colcon_core.package_discovery:discover_packages(path) check parameters
[1.538s] Level 1:colcon.colcon_core.package_discovery:discover_packages(colcon_meta) discover
[1.538s] Level 1:colcon.colcon_core.package_discovery:discover_packages(recursive) discover
[1.539s] INFO:colcon.colcon_core.package_discovery:Crawling recursively for packages in '/home/nvidia/Milton_Final_Project'
[1.539s] Level 1:colcon.colcon_core.package_identification:_identify(.) by extensions ['ignore', 'ignore_ament_install']
[1.539s] Level 1:colcon.colcon_core.package_identification:_identify(.) by extension 'ignore'
[1.539s] Level 1:colcon.colcon_core.package_identification:_identify(.) by extension 'ignore_ament_install'
[1.540s] Level 1:colcon.colcon_core.package_identification:_identify(.) by extensions ['colcon_pkg']
[1.540s] Level 1:colcon.colcon_core.package_identification:_identify(.) by extension 'colcon_pkg'
[1.540s] Level 1:colcon.colcon_core.package_identification:_identify(.) by extensions ['colcon_meta']
[1.540s] Level 1:colcon.colcon_core.package_identification:_identify(.) by extension 'colcon_meta'
[1.540s] Level 1:colcon.colcon_core.package_identification:_identify(.) by extensions ['ros']
[1.540s] Level 1:colcon.colcon_core.package_identification:_identify(.) by extension 'ros'
[1.576s] Level 1:colcon.colcon_core.package_identification:_identify(.) by extensions ['cmake', 'python']
[1.577s] Level 1:colcon.colcon_core.package_identification:_identify(.) by extension 'cmake'
[1.577s] Level 1:colcon.colcon_core.package_identification:_identify(.) by extension 'python'
[1.577s] Level 1:colcon.colcon_core.package_identification:_identify(.) by extensions ['python_setup_py']
[1.577s] Level 1:colcon.colcon_core.package_identification:_identify(.) by extension 'python_setup_py'
[1.577s] Level 1:colcon.colcon_core.package_identification:_identify(assets) by extensions ['ignore', 'ignore_ament_install']
[1.578s] Level 1:colcon.colcon_core.package_identification:_identify(assets) by extension 'ignore'
[1.578s] Level 1:colcon.colcon_core.package_identification:_identify(assets) by extension 'ignore_ament_install'
[1.578s] Level 1:colcon.colcon_core.package_identification:_identify(assets) by extensions ['colcon_pkg']
[1.578s] Level 1:colcon.colcon_core.package_identification:_identify(assets) by extension 'colcon_pkg'
[1.578s] Level 1:colcon.colcon_core.package_identification:_identify(assets) by extensions ['colcon_meta']
[1.578s] Level 1:colcon.colcon_core.package_identification:_identify(assets) by extension 'colcon_meta'
[1.578s] Level 1:colcon.colcon_core.package_identification:_identify(assets) by extensions ['ros']
[1.578s] Level 1:colcon.colcon_core.package_identification:_identify(assets) by extension 'ros'
[1.579s] Level 1:colcon.colcon_core.package_identification:_identify(assets) by extensions ['cmake', 'python']
[1.579s] Level 1:colcon.colcon_core.package_identification:_identify(assets) by extension 'cmake'
[1.579s] Level 1:colcon.colcon_core.package_identification:_identify(assets) by extension 'python'
[1.579s] Level 1:colcon.colcon_core.package_identification:_identify(assets) by extensions ['python_setup_py']
[1.579s] Level 1:colcon.colcon_core.package_identification:_identify(assets) by extension 'python_setup_py'
[1.579s] Level 1:colcon.colcon_core.package_identification:_identify(assets/kaia_face) by extensions ['ignore', 'ignore_ament_install']
[1.580s] Level 1:colcon.colcon_core.package_identification:_identify(assets/kaia_face) by extension 'ignore'
[1.580s] Level 1:colcon.colcon_core.package_identification:_identify(assets/kaia_face) by extension 'ignore_ament_install'
[1.580s] Level 1:colcon.colcon_core.package_identification:_identify(assets/kaia_face) by extensions ['colcon_pkg']
[1.580s] Level 1:colcon.colcon_core.package_identification:_identify(assets/kaia_face) by extension 'colcon_pkg'
[1.580s] Level 1:colcon.colcon_core.package_identification:_identify(assets/kaia_face) by extensions ['colcon_meta']
[1.580s] Level 1:colcon.colcon_core.package_identification:_identify(assets/kaia_face) by extension 'colcon_meta'
[1.580s] Level 1:colcon.colcon_core.package_identification:_identify(assets/kaia_face) by extensions ['ros']
[1.580s] Level 1:colcon.colcon_core.package_identification:_identify(assets/kaia_face) by extension 'ros'
[1.581s] Level 1:colcon.colcon_core.package_identification:_identify(assets/kaia_face) by extensions ['cmake', 'python']
[1.581s] Level 1:colcon.colcon_core.package_identification:_identify(assets/kaia_face) by extension 'cmake'
[1.581s] Level 1:colcon.colcon_core.package_identification:_identify(assets/kaia_face) by extension 'python'
[1.581s] Level 1:colcon.colcon_core.package_identification:_identify(assets/kaia_face) by extensions ['python_setup_py']
[1.581s] Level 1:colcon.colcon_core.package_identification:_identify(assets/kaia_face) by extension 'python_setup_py'
[1.581s] Level 1:colcon.colcon_core.package_identification:_identify(assets/kaia_face/annoyed) by extensions ['ignore', 'ignore_ament_install']
[1.581s] Level 1:colcon.colcon_core.package_identification:_identify(assets/kaia_face/annoyed) by extension 'ignore'
[1.582s] Level 1:colcon.colcon_core.package_identification:_identify(assets/kaia_face/annoyed) by extension 'ignore_ament_install'
[1.582s] Level 1:colcon.colcon_core.package_identification:_identify(assets/kaia_face/annoyed) by extensions ['colcon_pkg']
[1.582s] Level 1:colcon.colcon_core.package_identification:_identify(assets/kaia_face/annoyed) by extension 'colcon_pkg'
[1.582s] Level 1:colcon.colcon_core.package_identification:_identify(assets/kaia_face/annoyed) by extensions ['colcon_meta']
[1.582s] Level 1:colcon.colcon_core.package_identification:_identify(assets/kaia_face/annoyed) by extension 'colcon_meta'
[1.582s] Level 1:colcon.colcon_core.package_identification:_identify(assets/kaia_face/annoyed) by extensions ['ros']
[1.582s] Level 1:colcon.colcon_core.package_identification:_identify(assets/kaia_face/annoyed) by extension 'ros'
[1.582s] Level 1:colcon.colcon_core.package_identification:_identify(assets/kaia_face/annoyed) by extensions ['cmake', 'python']
[1.582s] Level 1:colcon.colcon_core.package_identification:_identify(assets/kaia_face/annoyed) by extension 'cmake'
[1.583s] Level 1:colcon.colcon_core.package_identification:_identify(assets/kaia_face/annoyed) by extension 'python'
[1.583s] Level 1:colcon.colcon_core.package_identification:_identify(assets/kaia_face/annoyed) by extensions ['python_setup_py']
[1.583s] Level 1:colcon.colcon_core.package_identification:_identify(assets/kaia_face/annoyed) by extension 'python_setup_py'
[1.583s] Level 1:colcon.colcon_core.package_identification:_identify(assets/kaia_face/anxious) by extensions ['ignore', 'ignore_ament_install']
[1.583s] Level 1:colcon.colcon_core.package_identification:_identify(assets/kaia_face/anxious) by extension 'ignore'
[1.583s] Level 1:colcon.colcon_core.package_identification:_identify(assets/kaia_face/anxious) by extension 'ignore_ament_install'
[1.583s] Level 1:colcon.colcon_core.package_identification:_identify(assets/kaia_face/anxious) by extensions ['colcon_pkg']
[1.584s] Level 1:colcon.colcon_core.package_identification:_identify(assets/kaia_face/anxious) by extension 'colcon_pkg'
[1.584s] Level 1:colcon.colcon_core.package_identification:_identify(assets/kaia_face/anxious) by extensions ['colcon_meta']
[1.584s] Level 1:colcon.colcon_core.package_identification:_identify(assets/kaia_face/anxious) by extension 'colcon_meta'
[1.584s] Level 1:colcon.colcon_core.package_identification:_identify(assets/kaia_face/anxious) by extensions ['ros']
[1.584s] Level 1:colcon.colcon_core.package_identification:_identify(assets/kaia_face/anxious) by extension 'ros'
[1.584s] Level 1:colcon.colcon_core.package_identification:_identify(assets/kaia_face/anxious) by extensions ['cmake', 'python']
[1.584s] Level 1:colcon.colcon_core.package_identification:_identify(assets/kaia_face/anxious) by extension 'cmake'
[1.584s] Level 1:colcon.colcon_core.package_identification:_identify(assets/kaia_face/anxious) by extension 'python'
[1.584s] Level 1:colcon.colcon_core.package_identification:_identify(assets/kaia_face/anxious) by extensions ['python_setup_py']
[1.585s] Level 1:colcon.colcon_core.package_identification:_identify(assets/kaia_face/anxious) by extension 'python_setup_py'
[1.585s] Level 1:colcon.colcon_core.package_identification:_identify(assets/kaia_face/apologetic) by extensions ['ignore', 'ignore_ament_install']
[1.585s] Level 1:colcon.colcon_core.package_identification:_identify(assets/kaia_face/apologetic) by extension 'ignore'
[1.585s] Level 1:colcon.colcon_core.package_identification:_identify(assets/kaia_face/apologetic) by extension 'ignore_ament_install'
[1.585s] Level 1:colcon.colcon_core.package_identification:_identify(assets/kaia_face/apologetic) by extensions ['colcon_pkg']
[1.585s] Level 1:colcon.colcon_core.package_identification:_identify(assets/kaia_face/apologetic) by extension 'colcon_pkg'
[1.585s] Level 1:colcon.colcon_core.package_identification:_identify(assets/kaia_face/apologetic) by extensions ['colcon_meta']
[1.585s] Level 1:colcon.colcon_core.package_identification:_identify(assets/kaia_face/apologetic) by extension 'colcon_meta'
[1.586s] Level 1:colcon.colcon_core.package_identification:_identify(assets/kaia_face/apologetic) by extensions ['ros']
[1.586s] Level 1:colcon.colcon_core.package_identification:_identify(assets/kaia_face/apologetic) by extension 'ros'
[1.586s] Level 1:colcon.colcon_core.package_identification:_identify(assets/kaia_face/apologetic) by extensions ['cmake', 'python']
[1.586s] Level 1:colcon.colcon_core.package_identification:_identify(assets/kaia_face/apologetic) by extension 'cmake'
[1.586s] Level 1:colcon.colcon_core.package_identification:_identify(assets/kaia_face/apologetic) by extension 'python'
[1.586s] Level 1:colcon.colcon_core.package_identification:_identify(assets/kaia_face/apologetic) by extensions ['python_setup_py']
[1.586s] Level 1:colcon.colcon_core.package_identification:_identify(assets/kaia_face/apologetic) by extension 'python_setup_py'
[1.587s] Level 1:colcon.colcon_core.package_identification:_identify(assets/kaia_face/awkward) by extensions ['ignore', 'ignore_ament_install']
[1.587s] Level 1:colcon.colcon_core.package_identification:_identify(assets/kaia_face/awkward) by extension 'ignore'
[1.587s] Level 1:colcon.colcon_core.package_identification:_identify(assets/kaia_face/awkward) by extension 'ignore_ament_install'
[1.587s] Level 1:colcon.colcon_core.package_identification:_identify(assets/kaia_face/awkward) by extensions ['colcon_pkg']
[1.587s] Level 1:colcon.colcon_core.package_identification:_identify(assets/kaia_face/awkward) by extension 'colcon_pkg'
[1.587s] Level 1:colcon.colcon_core.package_identification:_identify(assets/kaia_face/awkward) by extensions ['colcon_meta']
[1.587s] Level 1:colcon.colcon_core.package_identification:_identify(assets/kaia_face/awkward) by extension 'colcon_meta'
[1.587s] Level 1:colcon.colcon_core.package_identification:_identify(assets/kaia_face/awkward) by extensions ['ros']
[1.587s] Level 1:colcon.colcon_core.package_identification:_identify(assets/kaia_face/awkward) by extension 'ros'
[1.588s] Level 1:colcon.colcon_core.package_identification:_identify(assets/kaia_face/awkward) by extensions ['cmake', 'python']
[1.588s] Level 1:colcon.colcon_core.package_identification:_identify(assets/kaia_face/awkward) by extension 'cmake'
[1.588s] Level 1:colcon.colcon_core.package_identification:_identify(assets/kaia_face/awkward) by extension 'python'
[1.588s] Level 1:colcon.colcon_core.package_identification:_identify(assets/kaia_face/awkward) by extensions ['python_setup_py']
[1.588s] Level 1:colcon.colcon_core.package_identification:_identify(assets/kaia_face/awkward) by extension 'python_setup_py'
[1.588s] Level 1:colcon.colcon_core.package_identification:_identify(assets/kaia_face/blinking) by extensions ['ignore', 'ignore_ament_install']
[1.588s] Level 1:colcon.colcon_core.package_identification:_identify(assets/kaia_face/blinking) by extension 'ignore'
[1.589s] Level 1:colcon.colcon_core.package_identification:_identify(assets/kaia_face/blinking) by extension 'ignore_ament_install'
[1.589s] Level 1:colcon.colcon_core.package_identification:_identify(assets/kaia_face/blinking) by extensions ['colcon_pkg']
[1.589s] Level 1:colcon.colcon_core.package_identification:_identify(assets/kaia_face/blinking) by extension 'colcon_pkg'
[1.589s] Level 1:colcon.colcon_core.package_identification:_identify(assets/kaia_face/blinking) by extensions ['colcon_meta']
[1.589s] Level 1:colcon.colcon_core.package_identification:_identify(assets/kaia_face/blinking) by extension 'colcon_meta'
[1.589s] Level 1:colcon.colcon_core.package_identification:_identify(assets/kaia_face/blinking) by extensions ['ros']
[1.589s] Level 1:colcon.colcon_core.package_identification:_identify(assets/kaia_face/blinking) by extension 'ros'
[1.589s] Level 1:colcon.colcon_core.package_identification:_identify(assets/kaia_face/blinking) by extensions ['cmake', 'python']
[1.589s] Level 1:colcon.colcon_core.package_identification:_identify(assets/kaia_face/blinking) by extension 'cmake'
[1.590s] Level 1:colcon.colcon_core.package_identification:_identify(assets/kaia_face/blinking) by extension 'python'
[1.590s] Level 1:colcon.colcon_core.package_identification:_identify(assets/kaia_face/blinking) by extensions ['python_setup_py']
[1.590s] Level 1:colcon.colcon_core.package_identification:_identify(assets/kaia_face/blinking) by extension 'python_setup_py'
[1.590s] Level 1:colcon.colcon_core.package_identification:_identify(assets/kaia_face/bored) by extensions ['ignore', 'ignore_ament_install']
[1.590s] Level 1:colcon.colcon_core.package_identification:_identify(assets/kaia_face/bored) by extension 'ignore'
[1.590s] Level 1:colcon.colcon_core.package_identification:_identify(assets/kaia_face/bored) by extension 'ignore_ament_install'
[1.590s] Level 1:colcon.colcon_core.package_identification:_identify(assets/kaia_face/bored) by extensions ['colcon_pkg']
[1.590s] Level 1:colcon.colcon_core.package_identification:_identify(assets/kaia_face/bored) by extension 'colcon_pkg'
[1.591s] Level 1:colcon.colcon_core.package_identification:_identify(assets/kaia_face/bored) by extensions ['colcon_meta']
[1.591s] Level 1:colcon.colcon_core.package_identification:_identify(assets/kaia_face/bored) by extension 'colcon_meta'
[1.591s] Level 1:colcon.colcon_core.package_identification:_identify(assets/kaia_face/bored) by extensions ['ros']
[1.591s] Level 1:colcon.colcon_core.package_identification:_identify(assets/kaia_face/bored) by extension 'ros'
[1.591s] Level 1:colcon.colcon_core.package_identification:_identify(assets/kaia_face/bored) by extensions ['cmake', 'python']
[1.591s] Level 1:colcon.colcon_core.package_identification:_identify(assets/kaia_face/bored) by extension 'cmake'
[1.591s] Level 1:colcon.colcon_core.package_identification:_identify(assets/kaia_face/bored) by extension 'python'
[1.591s] Level 1:colcon.colcon_core.package_identification:_identify(assets/kaia_face/bored) by extensions ['python_setup_py']
[1.591s] Level 1:colcon.colcon_core.package_identification:_identify(assets/kaia_face/bored) by extension 'python_setup_py'
[1.592s] Level 1:colcon.colcon_core.package_identification:_identify(assets/kaia_face/determined) by extensions ['ignore', 'ignore_ament_install']
[1.592s] Level 1:colcon.colcon_core.package_identification:_identify(assets/kaia_face/determined) by extension 'ignore'
[1.592s] Level 1:colcon.colcon_core.package_identification:_identify(assets/kaia_face/determined) by extension 'ignore_ament_install'
[1.592s] Level 1:colcon.colcon_core.package_identification:_identify(assets/kaia_face/determined) by extensions ['colcon_pkg']
[1.592s] Level 1:colcon.colcon_core.package_identification:_identify(assets/kaia_face/determined) by extension 'colcon_pkg'
[1.592s] Level 1:colcon.colcon_core.package_identification:_identify(assets/kaia_face/determined) by extensions ['colcon_meta']
[1.592s] Level 1:colcon.colcon_core.package_identification:_identify(assets/kaia_face/determined) by extension 'colcon_meta'
[1.592s] Level 1:colcon.colcon_core.package_identification:_identify(assets/kaia_face/determined) by extensions ['ros']
[1.593s] Level 1:colcon.colcon_core.package_identification:_identify(assets/kaia_face/determined) by extension 'ros'
[1.593s] Level 1:colcon.colcon_core.package_identification:_identify(assets/kaia_face/determined) by extensions ['cmake', 'python']
[1.593s] Level 1:colcon.colcon_core.package_identification:_identify(assets/kaia_face/determined) by extension 'cmake'
[1.593s] Level 1:colcon.colcon_core.package_identification:_identify(assets/kaia_face/determined) by extension 'python'
[1.593s] Level 1:colcon.colcon_core.package_identification:_identify(assets/kaia_face/determined) by extensions ['python_setup_py']
[1.593s] Level 1:colcon.colcon_core.package_identification:_identify(assets/kaia_face/determined) by extension 'python_setup_py'
[1.593s] Level 1:colcon.colcon_core.package_identification:_identify(assets/kaia_face/excited) by extensions ['ignore', 'ignore_ament_install']
[1.593s] Level 1:colcon.colcon_core.package_identification:_identify(assets/kaia_face/excited) by extension 'ignore'
[1.594s] Level 1:colcon.colcon_core.package_identification:_identify(assets/kaia_face/excited) by extension 'ignore_ament_install'
[1.594s] Level 1:colcon.colcon_core.package_identification:_identify(assets/kaia_face/excited) by extensions ['colcon_pkg']
[1.594s] Level 1:colcon.colcon_core.package_identification:_identify(assets/kaia_face/excited) by extension 'colcon_pkg'
[1.594s] Level 1:colcon.colcon_core.package_identification:_identify(assets/kaia_face/excited) by extensions ['colcon_meta']
[1.594s] Level 1:colcon.colcon_core.package_identification:_identify(assets/kaia_face/excited) by extension 'colcon_meta'
[1.594s] Level 1:colcon.colcon_core.package_identification:_identify(assets/kaia_face/excited) by extensions ['ros']
[1.594s] Level 1:colcon.colcon_core.package_identification:_identify(assets/kaia_face/excited) by extension 'ros'
[1.594s] Level 1:colcon.colcon_core.package_identification:_identify(assets/kaia_face/excited) by extensions ['cmake', 'python']
[1.594s] Level 1:colcon.colcon_core.package_identification:_identify(assets/kaia_face/excited) by extension 'cmake'
[1.595s] Level 1:colcon.colcon_core.package_identification:_identify(assets/kaia_face/excited) by extension 'python'
[1.595s] Level 1:colcon.colcon_core.package_identification:_identify(assets/kaia_face/excited) by extensions ['python_setup_py']
[1.595s] Level 1:colcon.colcon_core.package_identification:_identify(assets/kaia_face/excited) by extension 'python_setup_py'
[1.595s] Level 1:colcon.colcon_core.package_identification:_identify(assets/kaia_face/giggle) by extensions ['ignore', 'ignore_ament_install']
[1.595s] Level 1:colcon.colcon_core.package_identification:_identify(assets/kaia_face/giggle) by extension 'ignore'
[1.595s] Level 1:colcon.colcon_core.package_identification:_identify(assets/kaia_face/giggle) by extension 'ignore_ament_install'
[1.595s] Level 1:colcon.colcon_core.package_identification:_identify(assets/kaia_face/giggle) by extensions ['colcon_pkg']
[1.595s] Level 1:colcon.colcon_core.package_identification:_identify(assets/kaia_face/giggle) by extension 'colcon_pkg'
[1.596s] Level 1:colcon.colcon_core.package_identification:_identify(assets/kaia_face/giggle) by extensions ['colcon_meta']
[1.596s] Level 1:colcon.colcon_core.package_identification:_identify(assets/kaia_face/giggle) by extension 'colcon_meta'
[1.596s] Level 1:colcon.colcon_core.package_identification:_identify(assets/kaia_face/giggle) by extensions ['ros']
[1.596s] Level 1:colcon.colcon_core.package_identification:_identify(assets/kaia_face/giggle) by extension 'ros'
[1.596s] Level 1:colcon.colcon_core.package_identification:_identify(assets/kaia_face/giggle) by extensions ['cmake', 'python']
[1.596s] Level 1:colcon.colcon_core.package_identification:_identify(assets/kaia_face/giggle) by extension 'cmake'
[1.596s] Level 1:colcon.colcon_core.package_identification:_identify(assets/kaia_face/giggle) by extension 'python'
[1.596s] Level 1:colcon.colcon_core.package_identification:_identify(assets/kaia_face/giggle) by extensions ['python_setup_py']
[1.596s] Level 1:colcon.colcon_core.package_identification:_identify(assets/kaia_face/giggle) by extension 'python_setup_py'
[1.597s] Level 1:colcon.colcon_core.package_identification:_identify(assets/kaia_face/happy) by extensions ['ignore', 'ignore_ament_install']
[1.597s] Level 1:colcon.colcon_core.package_identification:_identify(assets/kaia_face/happy) by extension 'ignore'
[1.597s] Level 1:colcon.colcon_core.package_identification:_identify(assets/kaia_face/happy) by extension 'ignore_ament_install'
[1.597s] Level 1:colcon.colcon_core.package_identification:_identify(assets/kaia_face/happy) by extensions ['colcon_pkg']
[1.597s] Level 1:colcon.colcon_core.package_identification:_identify(assets/kaia_face/happy) by extension 'colcon_pkg'
[1.597s] Level 1:colcon.colcon_core.package_identification:_identify(assets/kaia_face/happy) by extensions ['colcon_meta']
[1.597s] Level 1:colcon.colcon_core.package_identification:_identify(assets/kaia_face/happy) by extension 'colcon_meta'
[1.597s] Level 1:colcon.colcon_core.package_identification:_identify(assets/kaia_face/happy) by extensions ['ros']
[1.597s] Level 1:colcon.colcon_core.package_identification:_identify(assets/kaia_face/happy) by extension 'ros'
[1.598s] Level 1:colcon.colcon_core.package_identification:_identify(assets/kaia_face/happy) by extensions ['cmake', 'python']
[1.598s] Level 1:colcon.colcon_core.package_identification:_identify(assets/kaia_face/happy) by extension 'cmake'
[1.598s] Level 1:colcon.colcon_core.package_identification:_identify(assets/kaia_face/happy) by extension 'python'
[1.598s] Level 1:colcon.colcon_core.package_identification:_identify(assets/kaia_face/happy) by extensions ['python_setup_py']
[1.598s] Level 1:colcon.colcon_core.package_identification:_identify(assets/kaia_face/happy) by extension 'python_setup_py'
[1.598s] Level 1:colcon.colcon_core.package_identification:_identify(assets/kaia_face/thinking) by extensions ['ignore', 'ignore_ament_install']
[1.598s] Level 1:colcon.colcon_core.package_identification:_identify(assets/kaia_face/thinking) by extension 'ignore'
[1.599s] Level 1:colcon.colcon_core.package_identification:_identify(assets/kaia_face/thinking) by extension 'ignore_ament_install'
[1.599s] Level 1:colcon.colcon_core.package_identification:_identify(assets/kaia_face/thinking) by extensions ['colcon_pkg']
[1.599s] Level 1:colcon.colcon_core.package_identification:_identify(assets/kaia_face/thinking) by extension 'colcon_pkg'
[1.599s] Level 1:colcon.colcon_core.package_identification:_identify(assets/kaia_face/thinking) by extensions ['colcon_meta']
[1.599s] Level 1:colcon.colcon_core.package_identification:_identify(assets/kaia_face/thinking) by extension 'colcon_meta'
[1.599s] Level 1:colcon.colcon_core.package_identification:_identify(assets/kaia_face/thinking) by extensions ['ros']
[1.599s] Level 1:colcon.colcon_core.package_identification:_identify(assets/kaia_face/thinking) by extension 'ros'
[1.599s] Level 1:colcon.colcon_core.package_identification:_identify(assets/kaia_face/thinking) by extensions ['cmake', 'python']
[1.599s] Level 1:colcon.colcon_core.package_identification:_identify(assets/kaia_face/thinking) by extension 'cmake'
[1.600s] Level 1:colcon.colcon_core.package_identification:_identify(assets/kaia_face/thinking) by extension 'python'
[1.600s] Level 1:colcon.colcon_core.package_identification:_identify(assets/kaia_face/thinking) by extensions ['python_setup_py']
[1.600s] Level 1:colcon.colcon_core.package_identification:_identify(assets/kaia_face/thinking) by extension 'python_setup_py'
[1.600s] Level 1:colcon.colcon_core.package_identification:_identify(build) by extensions ['ignore', 'ignore_ament_install']
[1.600s] Level 1:colcon.colcon_core.package_identification:_identify(build) by extension 'ignore'
[1.600s] Level 1:colcon.colcon_core.package_identification:_identify(build) ignored
[1.601s] Level 1:colcon.colcon_core.package_identification:_identify(install) by extensions ['ignore', 'ignore_ament_install']
[1.601s] Level 1:colcon.colcon_core.package_identification:_identify(install) by extension 'ignore'
[1.601s] Level 1:colcon.colcon_core.package_identification:_identify(install) ignored
[1.601s] Level 1:colcon.colcon_core.package_identification:_identify(log) by extensions ['ignore', 'ignore_ament_install']
[1.601s] Level 1:colcon.colcon_core.package_identification:_identify(log) by extension 'ignore'
[1.601s] Level 1:colcon.colcon_core.package_identification:_identify(log) ignored
[1.602s] Level 1:colcon.colcon_core.package_identification:_identify(src) by extensions ['ignore', 'ignore_ament_install']
[1.602s] Level 1:colcon.colcon_core.package_identification:_identify(src) by extension 'ignore'
[1.602s] Level 1:colcon.colcon_core.package_identification:_identify(src) by extension 'ignore_ament_install'
[1.602s] Level 1:colcon.colcon_core.package_identification:_identify(src) by extensions ['colcon_pkg']
[1.602s] Level 1:colcon.colcon_core.package_identification:_identify(src) by extension 'colcon_pkg'
[1.602s] Level 1:colcon.colcon_core.package_identification:_identify(src) by extensions ['colcon_meta']
[1.602s] Level 1:colcon.colcon_core.package_identification:_identify(src) by extension 'colcon_meta'
[1.602s] Level 1:colcon.colcon_core.package_identification:_identify(src) by extensions ['ros']
[1.603s] Level 1:colcon.colcon_core.package_identification:_identify(src) by extension 'ros'
[1.603s] Level 1:colcon.colcon_core.package_identification:_identify(src) by extensions ['cmake', 'python']
[1.603s] Level 1:colcon.colcon_core.package_identification:_identify(src) by extension 'cmake'
[1.603s] Level 1:colcon.colcon_core.package_identification:_identify(src) by extension 'python'
[1.603s] Level 1:colcon.colcon_core.package_identification:_identify(src) by extensions ['python_setup_py']
[1.603s] Level 1:colcon.colcon_core.package_identification:_identify(src) by extension 'python_setup_py'
[1.603s] Level 1:colcon.colcon_core.package_identification:_identify(src/milton_final_project) by extensions ['ignore', 'ignore_ament_install']
[1.603s] Level 1:colcon.colcon_core.package_identification:_identify(src/milton_final_project) by extension 'ignore'
[1.604s] Level 1:colcon.colcon_core.package_identification:_identify(src/milton_final_project) by extension 'ignore_ament_install'
[1.604s] Level 1:colcon.colcon_core.package_identification:_identify(src/milton_final_project) by extensions ['colcon_pkg']
[1.604s] Level 1:colcon.colcon_core.package_identification:_identify(src/milton_final_project) by extension 'colcon_pkg'
[1.604s] Level 1:colcon.colcon_core.package_identification:_identify(src/milton_final_project) by extensions ['colcon_meta']
[1.604s] Level 1:colcon.colcon_core.package_identification:_identify(src/milton_final_project) by extension 'colcon_meta'
[1.604s] Level 1:colcon.colcon_core.package_identification:_identify(src/milton_final_project) by extensions ['ros']
[1.604s] Level 1:colcon.colcon_core.package_identification:_identify(src/milton_final_project) by extension 'ros'
[1.612s] DEBUG:colcon.colcon_core.package_identification:Package 'src/milton_final_project' with type 'ros.ament_python' and name 'milton_final_project'
[1.612s] Level 1:colcon.colcon_core.package_discovery:discover_packages(recursive) using defaults
[1.612s] Level 1:colcon.colcon_core.package_discovery:discover_packages(ignore) discover
[1.612s] Level 1:colcon.colcon_core.package_discovery:discover_packages(ignore) using defaults
[1.612s] Level 1:colcon.colcon_core.package_discovery:discover_packages(path) discover
[1.612s] Level 1:colcon.colcon_core.package_discovery:discover_packages(path) using defaults
[1.661s] Level 1:colcon.colcon_core.package_discovery:discover_packages(prefix_path) check parameters
[1.661s] Level 1:colcon.colcon_core.package_discovery:discover_packages(prefix_path) discover
[1.668s] DEBUG:colcon.colcon_installed_package_information.package_discovery:Found 3 installed packages in /home/nvidia/ENGR857_Huang_Kevin/ros2_ws/install
[1.669s] DEBUG:colcon.colcon_installed_package_information.package_discovery:Found 3 installed packages in /home/nvidia/ENGR857_Huang_Kevin/ros2_ws/src/install
[1.670s] DEBUG:colcon.colcon_installed_package_information.package_discovery:Found 1 installed packages in /home/nvidia/ENGR857_Huang_Kevin/ros2_ws/src/teleop/install
[1.672s] DEBUG:colcon.colcon_installed_package_information.package_discovery:Found 3 installed packages in /home/nvidia/ros2/install
[1.675s] DEBUG:colcon.colcon_installed_package_information.package_discovery:Found 355 installed packages in /opt/ros/humble
[1.679s] Level 1:colcon.colcon_core.package_discovery:discover_packages(prefix_path) using defaults
[1.848s] Level 5:colcon.colcon_core.verb:set package 'milton_final_project' build argument 'cmake_args' from command line to 'None'
[1.848s] Level 5:colcon.colcon_core.verb:set package 'milton_final_project' build argument 'cmake_target' from command line to 'None'
[1.848s] Level 5:colcon.colcon_core.verb:set package 'milton_final_project' build argument 'cmake_target_skip_unavailable' from command line to 'False'
[1.848s] Level 5:colcon.colcon_core.verb:set package 'milton_final_project' build argument 'cmake_clean_cache' from command line to 'False'
[1.848s] Level 5:colcon.colcon_core.verb:set package 'milton_final_project' build argument 'cmake_clean_first' from command line to 'False'
[1.848s] Level 5:colcon.colcon_core.verb:set package 'milton_final_project' build argument 'cmake_force_configure' from command line to 'False'
[1.848s] Level 5:colcon.colcon_core.verb:set package 'milton_final_project' build argument 'ament_cmake_args' from command line to 'None'
[1.849s] Level 5:colcon.colcon_core.verb:set package 'milton_final_project' build argument 'catkin_cmake_args' from command line to 'None'
[1.849s] Level 5:colcon.colcon_core.verb:set package 'milton_final_project' build argument 'catkin_skip_building_tests' from command line to 'False'
[1.849s] DEBUG:colcon.colcon_core.verb:Building package 'milton_final_project' with the following arguments: {'ament_cmake_args': None, 'build_base': '/home/nvidia/Milton_Final_Project/build/milton_final_project', 'catkin_cmake_args': None, 'catkin_skip_building_tests': False, 'cmake_args': None, 'cmake_clean_cache': False, 'cmake_clean_first': False, 'cmake_force_configure': False, 'cmake_target': None, 'cmake_target_skip_unavailable': False, 'install_base': '/home/nvidia/Milton_Final_Project/install/milton_final_project', 'merge_install': False, 'path': '/home/nvidia/Milton_Final_Project/src/milton_final_project', 'symlink_install': False, 'test_result_base': None}
[1.849s] INFO:colcon.colcon_core.executor:Executing jobs using 'parallel' executor
[1.851s] DEBUG:colcon.colcon_parallel_executor.executor.parallel:run_until_complete
[1.852s] INFO:colcon.colcon_ros.task.ament_python.build:Building ROS package in '/home/nvidia/Milton_Final_Project/src/milton_final_project' with build type 'ament_python'
[1.852s] Level 1:colcon.colcon_core.shell:create_environment_hook('milton_final_project', 'ament_prefix_path')
[1.860s] INFO:colcon.colcon_core.plugin_system:Skipping extension 'colcon_core.shell.bat': Not used on non-Windows systems
[1.860s] INFO:colcon.colcon_core.shell:Creating environment hook '/home/nvidia/Milton_Final_Project/install/milton_final_project/share/milton_final_project/hook/ament_prefix_path.ps1'
[1.862s] INFO:colcon.colcon_core.shell:Creating environment descriptor '/home/nvidia/Milton_Final_Project/install/milton_final_project/share/milton_final_project/hook/ament_prefix_path.dsv'
[1.863s] INFO:colcon.colcon_core.shell:Creating environment hook '/home/nvidia/Milton_Final_Project/install/milton_final_project/share/milton_final_project/hook/ament_prefix_path.sh'
[1.864s] INFO:colcon.colcon_core.shell:Skip shell extension 'powershell' for command environment: Not usable outside of PowerShell
[1.864s] DEBUG:colcon.colcon_core.shell:Skip shell extension 'dsv' for command environment
[2.826s] INFO:colcon.colcon_core.task.python.build:Building Python package in '/home/nvidia/Milton_Final_Project/src/milton_final_project'
[2.827s] INFO:colcon.colcon_core.shell:Skip shell extension 'powershell' for command environment: Not usable outside of PowerShell
[2.827s] DEBUG:colcon.colcon_core.shell:Skip shell extension 'dsv' for command environment
[4.530s] DEBUG:colcon.colcon_core.event_handler.log_command:Invoking command in '/home/nvidia/Milton_Final_Project/src/milton_final_project': PYTHONPATH=/home/nvidia/Milton_Final_Project/build/milton_final_project/prefix_override:/usr/lib/python3/dist-packages/colcon_core/task/python/colcon_distutils_commands:/home/nvidia/Milton_Final_Project/install/milton_final_project/lib/python3.8/site-packages:${PYTHONPATH} /usr/bin/python3 -W ignore:setup.py install is deprecated setup.py egg_info --egg-base ../../build/milton_final_project build --build-base /home/nvidia/Milton_Final_Project/build/milton_final_project/build install --record /home/nvidia/Milton_Final_Project/build/milton_final_project/install.log --single-version-externally-managed install_data
[5.987s] DEBUG:colcon.colcon_core.event_handler.log_command:Invoked command in '/home/nvidia/Milton_Final_Project/src/milton_final_project' returned '0': PYTHONPATH=/home/nvidia/Milton_Final_Project/build/milton_final_project/prefix_override:/usr/lib/python3/dist-packages/colcon_core/task/python/colcon_distutils_commands:/home/nvidia/Milton_Final_Project/install/milton_final_project/lib/python3.8/site-packages:${PYTHONPATH} /usr/bin/python3 -W ignore:setup.py install is deprecated setup.py egg_info --egg-base ../../build/milton_final_project build --build-base /home/nvidia/Milton_Final_Project/build/milton_final_project/build install --record /home/nvidia/Milton_Final_Project/build/milton_final_project/install.log --single-version-externally-managed install_data
[5.997s] Level 1:colcon.colcon_core.environment:checking '/home/nvidia/Milton_Final_Project/install/milton_final_project' for CMake module files
[5.999s] Level 1:colcon.colcon_core.environment:checking '/home/nvidia/Milton_Final_Project/install/milton_final_project' for CMake config files
[6.003s] Level 1:colcon.colcon_core.environment:checking '/home/nvidia/Milton_Final_Project/install/milton_final_project/lib'
[6.004s] Level 1:colcon.colcon_core.environment:checking '/home/nvidia/Milton_Final_Project/install/milton_final_project/bin'
[6.004s] Level 1:colcon.colcon_core.environment:checking '/home/nvidia/Milton_Final_Project/install/milton_final_project/lib/pkgconfig/milton_final_project.pc'
[6.005s] Level 1:colcon.colcon_core.environment:checking '/home/nvidia/Milton_Final_Project/install/milton_final_project/lib/python3.8/site-packages'
[6.005s] Level 1:colcon.colcon_core.shell:create_environment_hook('milton_final_project', 'pythonpath')
[6.006s] INFO:colcon.colcon_core.shell:Creating environment hook '/home/nvidia/Milton_Final_Project/install/milton_final_project/share/milton_final_project/hook/pythonpath.ps1'
[6.008s] INFO:colcon.colcon_core.shell:Creating environment descriptor '/home/nvidia/Milton_Final_Project/install/milton_final_project/share/milton_final_project/hook/pythonpath.dsv'
[6.009s] INFO:colcon.colcon_core.shell:Creating environment hook '/home/nvidia/Milton_Final_Project/install/milton_final_project/share/milton_final_project/hook/pythonpath.sh'
[6.010s] Level 1:colcon.colcon_core.environment:checking '/home/nvidia/Milton_Final_Project/install/milton_final_project/bin'
[6.011s] Level 1:colcon.colcon_core.environment:create_environment_scripts_only(milton_final_project)
[6.012s] INFO:colcon.colcon_core.shell:Creating package script '/home/nvidia/Milton_Final_Project/install/milton_final_project/share/milton_final_project/package.ps1'
[6.014s] INFO:colcon.colcon_core.shell:Creating package descriptor '/home/nvidia/Milton_Final_Project/install/milton_final_project/share/milton_final_project/package.dsv'
[6.016s] INFO:colcon.colcon_core.shell:Creating package script '/home/nvidia/Milton_Final_Project/install/milton_final_project/share/milton_final_project/package.sh'
[6.017s] INFO:colcon.colcon_core.shell:Creating package script '/home/nvidia/Milton_Final_Project/install/milton_final_project/share/milton_final_project/package.bash'
[6.019s] INFO:colcon.colcon_core.shell:Creating package script '/home/nvidia/Milton_Final_Project/install/milton_final_project/share/milton_final_project/package.zsh'
[6.021s] Level 1:colcon.colcon_core.environment:create_file_with_runtime_dependencies(/home/nvidia/Milton_Final_Project/install/milton_final_project/share/colcon-core/packages/milton_final_project)
[6.022s] DEBUG:colcon.colcon_parallel_executor.executor.parallel:closing loop
[6.022s] DEBUG:colcon.colcon_parallel_executor.executor.parallel:loop closed
[6.023s] DEBUG:colcon.colcon_parallel_executor.executor.parallel:run_until_complete finished with '0'
[6.023s] DEBUG:colcon.colcon_core.event_reactor:joining thread
[6.039s] INFO:colcon.colcon_core.plugin_system:Skipping extension 'colcon_notification.desktop_notification.terminal_notifier': Not used on non-Darwin systems
[6.039s] INFO:colcon.colcon_core.plugin_system:Skipping extension 'colcon_notification.desktop_notification.win32': Not used on non-Windows systems
[6.039s] INFO:colcon.colcon_notification.desktop_notification:Sending desktop notification using 'notify2'
[6.080s] DEBUG:colcon.colcon_core.event_reactor:joined thread
[6.082s] INFO:colcon.colcon_core.shell:Creating prefix script '/home/nvidia/Milton_Final_Project/install/local_setup.ps1'
[6.084s] INFO:colcon.colcon_core.shell:Creating prefix util module '/home/nvidia/Milton_Final_Project/install/_local_setup_util_ps1.py'
[6.088s] INFO:colcon.colcon_core.shell:Creating prefix chain script '/home/nvidia/Milton_Final_Project/install/setup.ps1'
[6.092s] INFO:colcon.colcon_core.shell:Creating prefix script '/home/nvidia/Milton_Final_Project/install/local_setup.sh'
[6.093s] INFO:colcon.colcon_core.shell:Creating prefix util module '/home/nvidia/Milton_Final_Project/install/_local_setup_util_sh.py'
[6.095s] INFO:colcon.colcon_core.shell:Creating prefix chain script '/home/nvidia/Milton_Final_Project/install/setup.sh'
[6.098s] INFO:colcon.colcon_core.shell:Creating prefix script '/home/nvidia/Milton_Final_Project/install/local_setup.bash'
[6.100s] INFO:colcon.colcon_core.shell:Creating prefix chain script '/home/nvidia/Milton_Final_Project/install/setup.bash'
[6.103s] INFO:colcon.colcon_core.shell:Creating prefix script '/home/nvidia/Milton_Final_Project/install/local_setup.zsh'
[6.104s] INFO:colcon.colcon_core.shell:Creating prefix chain script '/home/nvidia/Milton_Final_Project/install/setup.zsh'
